<?xml version="1.0" encoding="UTF-8"?>
<!-- Generated by org.testng.reporters.JUnitXMLReporter -->
<testsuite ignored="0" hostname="DESKTOP-E9VMU85" failures="0" tests="41" name="Surefire test" time="0.248" errors="0" timestamp="2021-10-15T19:05:03 MSK">
  <testcase classname="home.epam.tc.hw1.bo.CalculatorIsPositiveNegativeTest" name="isNegativeDoubleTest" time="0.104"/>
  <testcase classname="home.epam.tc.hw1.bo.CalculatorIsPositiveNegativeTest" name="isNegativeDoubleTest" time="0.0"/>
  <testcase classname="home.epam.tc.hw1.bo.CalculatorIsPositiveNegativeTest" name="isNegativeDoubleTest" time="0.0"/>
  <testcase classname="home.epam.tc.hw1.bo.CalculatorIsPositiveNegativeTest" name="isNegativeDoubleTest" time="0.0"/>
  <testcase classname="home.epam.tc.hw1.bo.CalculatorIsPositiveNegativeTest" name="isPositiveTest" time="0.0"/>
  <testcase classname="home.epam.tc.hw1.bo.CalculatorIsPositiveNegativeTest" name="isPositiveTest" time="0.0"/>
  <testcase classname="home.epam.tc.hw1.bo.CalculatorIsPositiveNegativeTest" name="isPositiveTest" time="0.0"/>
  <testcase classname="home.epam.tc.hw1.bo.CalculatorIsPositiveNegativeTest" name="isPositiveTest" time="0.0"/>
  <testcase classname="home.epam.tc.hw1.complex.CalculatorPowTest" name="powDoubleTest" time="0.008"/>
  <testcase classname="home.epam.tc.hw1.complex.CalculatorPowTest" name="powDoubleTest" time="0.0"/>
  <testcase classname="home.epam.tc.hw1.complex.CalculatorPowTest" name="powDoubleTest" time="0.0"/>
  <testcase classname="home.epam.tc.hw1.complex.CalculatorSqrtTest" name="sqrtDoubleTest" time="0.0"/>
  <testcase classname="home.epam.tc.hw1.complex.CalculatorSqrtTest" name="sqrtDoubleTest" time="0.0"/>
  <testcase classname="home.epam.tc.hw1.complex.CalculatorSqrtTest" name="sqrtDoubleTest" time="0.0"/>
  <testcase classname="home.epam.tc.hw1.simple.CalculatorDivTest" name="divDoubleTest" time="0.0"/>
  <testcase classname="home.epam.tc.hw1.simple.CalculatorDivTest" name="divDoubleTest" time="0.0"/>
  <testcase classname="home.epam.tc.hw1.simple.CalculatorDivTest" name="divDoubleTest" time="0.0"/>
  <testcase classname="home.epam.tc.hw1.simple.CalculatorDivTest" name="divExceptionLongTest" time="0.008"/>
  <testcase classname="home.epam.tc.hw1.simple.CalculatorDivTest" name="divExceptionLongTest" time="0.0"/>
  <testcase classname="home.epam.tc.hw1.simple.CalculatorDivTest" name="divExceptionLongTest" time="0.0"/>
  <testcase classname="home.epam.tc.hw1.simple.CalculatorDivTest" name="divLongTest" time="0.0"/>
  <testcase classname="home.epam.tc.hw1.simple.CalculatorDivTest" name="divLongTest" time="0.0"/>
  <testcase classname="home.epam.tc.hw1.simple.CalculatorDivTest" name="divLongTest" time="0.0"/>
  <testcase classname="home.epam.tc.hw1.simple.CalculatorMultTest" name="multDoubleTest" time="0.0"/>
  <testcase classname="home.epam.tc.hw1.simple.CalculatorMultTest" name="multDoubleTest" time="0.0"/>
  <testcase classname="home.epam.tc.hw1.simple.CalculatorMultTest" name="multDoubleTest" time="0.0"/>
  <testcase classname="home.epam.tc.hw1.simple.CalculatorMultTest" name="multLongTest" time="0.0"/>
  <testcase classname="home.epam.tc.hw1.simple.CalculatorMultTest" name="multLongTest" time="0.0"/>
  <testcase classname="home.epam.tc.hw1.simple.CalculatorMultTest" name="multLongTest" time="0.0"/>
  <testcase classname="home.epam.tc.hw1.simple.CalculatorSubTest" name="subDoubleTest" time="0.0"/>
  <testcase classname="home.epam.tc.hw1.simple.CalculatorSubTest" name="subDoubleTest" time="0.0"/>
  <testcase classname="home.epam.tc.hw1.simple.CalculatorSubTest" name="subDoubleTest" time="0.0"/>
  <testcase classname="home.epam.tc.hw1.simple.CalculatorSubTest" name="subLongTest" time="0.0"/>
  <testcase classname="home.epam.tc.hw1.simple.CalculatorSubTest" name="subLongTest" time="0.0"/>
  <testcase classname="home.epam.tc.hw1.simple.CalculatorSubTest" name="subLongTest" time="0.0"/>
  <testcase classname="home.epam.tc.hw1.simple.CalculatorSumTest" name="sumDoubleTest" time="0.0"/>
  <testcase classname="home.epam.tc.hw1.simple.CalculatorSumTest" name="sumDoubleTest" time="0.0"/>
  <testcase classname="home.epam.tc.hw1.simple.CalculatorSumTest" name="sumDoubleTest" time="0.0"/>
  <testcase classname="home.epam.tc.hw1.simple.CalculatorSumTest" name="sumLongTest" time="0.0"/>
  <testcase classname="home.epam.tc.hw1.simple.CalculatorSumTest" name="sumLongTest" time="0.0"/>
  <testcase classname="home.epam.tc.hw1.simple.CalculatorSumTest" name="sumLongTest" time="0.0"/>
</testsuite> <!-- Surefire test -->
