<?xml version="1.0" encoding="UTF-8"?>
<!-- Generated by org.testng.reporters.JUnitXMLReporter -->
<testsuite ignored="0" hostname="DESKTOP-E9VMU85" failures="0" tests="41" name="All Calculator Test" time="0.181" errors="0" timestamp="2021-10-16T02:00:46 MSK">
  <testcase classname="home.epam.tc.hw1.simple.CalculatorDivTest" name="divDoubleTest" time="0.073"/>
  <testcase classname="home.epam.tc.hw1.simple.CalculatorDivTest" name="divDoubleTest" time="0.0"/>
  <testcase classname="home.epam.tc.hw1.simple.CalculatorDivTest" name="divDoubleTest" time="0.0"/>
  <testcase classname="home.epam.tc.hw1.simple.CalculatorDivTest" name="divExceptionLongTest" time="0.004"/>
  <testcase classname="home.epam.tc.hw1.simple.CalculatorDivTest" name="divExceptionLongTest" time="0.0"/>
  <testcase classname="home.epam.tc.hw1.simple.CalculatorDivTest" name="divExceptionLongTest" time="0.0"/>
  <testcase classname="home.epam.tc.hw1.simple.CalculatorDivTest" name="divLongTest" time="0.0"/>
  <testcase classname="home.epam.tc.hw1.simple.CalculatorDivTest" name="divLongTest" time="0.0"/>
  <testcase classname="home.epam.tc.hw1.simple.CalculatorDivTest" name="divLongTest" time="0.0"/>
  <testcase classname="home.epam.tc.hw1.complex.CalculatorPowTest" name="powDoubleTest" time="0.001"/>
  <testcase classname="home.epam.tc.hw1.complex.CalculatorPowTest" name="powDoubleTest" time="0.001"/>
  <testcase classname="home.epam.tc.hw1.complex.CalculatorPowTest" name="powDoubleTest" time="0.0"/>
  <testcase classname="home.epam.tc.hw1.bo.CalculatorIsPositiveNegativeTest" name="isNegativeDoubleTest" time="0.001"/>
  <testcase classname="home.epam.tc.hw1.bo.CalculatorIsPositiveNegativeTest" name="isNegativeDoubleTest" time="0.0"/>
  <testcase classname="home.epam.tc.hw1.bo.CalculatorIsPositiveNegativeTest" name="isNegativeDoubleTest" time="0.0"/>
  <testcase classname="home.epam.tc.hw1.bo.CalculatorIsPositiveNegativeTest" name="isNegativeDoubleTest" time="0.0"/>
  <testcase classname="home.epam.tc.hw1.bo.CalculatorIsPositiveNegativeTest" name="isPositiveTest" time="0.0"/>
  <testcase classname="home.epam.tc.hw1.bo.CalculatorIsPositiveNegativeTest" name="isPositiveTest" time="0.0"/>
  <testcase classname="home.epam.tc.hw1.bo.CalculatorIsPositiveNegativeTest" name="isPositiveTest" time="0.0"/>
  <testcase classname="home.epam.tc.hw1.bo.CalculatorIsPositiveNegativeTest" name="isPositiveTest" time="0.0"/>
  <testcase classname="home.epam.tc.hw1.simple.CalculatorMultTest" name="multDoubleTest" time="0.0"/>
  <testcase classname="home.epam.tc.hw1.simple.CalculatorMultTest" name="multDoubleTest" time="0.0"/>
  <testcase classname="home.epam.tc.hw1.simple.CalculatorMultTest" name="multDoubleTest" time="0.001"/>
  <testcase classname="home.epam.tc.hw1.simple.CalculatorMultTest" name="multLongTest" time="0.0"/>
  <testcase classname="home.epam.tc.hw1.simple.CalculatorMultTest" name="multLongTest" time="0.0"/>
  <testcase classname="home.epam.tc.hw1.simple.CalculatorMultTest" name="multLongTest" time="0.0"/>
  <testcase classname="home.epam.tc.hw1.complex.CalculatorSqrtTest" name="sqrtDoubleTest" time="0.001"/>
  <testcase classname="home.epam.tc.hw1.complex.CalculatorSqrtTest" name="sqrtDoubleTest" time="0.001"/>
  <testcase classname="home.epam.tc.hw1.complex.CalculatorSqrtTest" name="sqrtDoubleTest" time="0.0"/>
  <testcase classname="home.epam.tc.hw1.simple.CalculatorSubTest" name="subDoubleTest" time="0.0"/>
  <testcase classname="home.epam.tc.hw1.simple.CalculatorSubTest" name="subDoubleTest" time="0.0"/>
  <testcase classname="home.epam.tc.hw1.simple.CalculatorSubTest" name="subDoubleTest" time="0.001"/>
  <testcase classname="home.epam.tc.hw1.simple.CalculatorSubTest" name="subLongTest" time="0.0"/>
  <testcase classname="home.epam.tc.hw1.simple.CalculatorSubTest" name="subLongTest" time="0.0"/>
  <testcase classname="home.epam.tc.hw1.simple.CalculatorSubTest" name="subLongTest" time="0.0"/>
  <testcase classname="home.epam.tc.hw1.simple.CalculatorSumTest" name="sumDoubleTest" time="0.001"/>
  <testcase classname="home.epam.tc.hw1.simple.CalculatorSumTest" name="sumDoubleTest" time="0.001"/>
  <testcase classname="home.epam.tc.hw1.simple.CalculatorSumTest" name="sumDoubleTest" time="0.002"/>
  <testcase classname="home.epam.tc.hw1.simple.CalculatorSumTest" name="sumLongTest" time="0.0"/>
  <testcase classname="home.epam.tc.hw1.simple.CalculatorSumTest" name="sumLongTest" time="0.0"/>
  <testcase classname="home.epam.tc.hw1.simple.CalculatorSumTest" name="sumLongTest" time="0.0"/>
</testsuite> <!-- All Calculator Test -->
