<?xml version="1.0" encoding="UTF-8"?>
<!-- Generated by org.testng.reporters.JUnitXMLReporter -->
<testsuite ignored="0" hostname="DESKTOP-E9VMU85" failures="0" tests="9" name="Div Calculator Test" time="0.015" errors="0" timestamp="2021-10-16T02:00:22 MSK">
  <testcase classname="home.epam.tc.hw1.simple.CalculatorDivTest" name="divDoubleTest" time="0.001"/>
  <testcase classname="home.epam.tc.hw1.simple.CalculatorDivTest" name="divDoubleTest" time="0.0"/>
  <testcase classname="home.epam.tc.hw1.simple.CalculatorDivTest" name="divDoubleTest" time="0.0"/>
  <testcase classname="home.epam.tc.hw1.simple.CalculatorDivTest" name="divExceptionLongTest" time="0.004"/>
  <testcase classname="home.epam.tc.hw1.simple.CalculatorDivTest" name="divExceptionLongTest" time="0.0"/>
  <testcase classname="home.epam.tc.hw1.simple.CalculatorDivTest" name="divExceptionLongTest" time="0.0"/>
  <testcase classname="home.epam.tc.hw1.simple.CalculatorDivTest" name="divLongTest" time="0.001"/>
  <testcase classname="home.epam.tc.hw1.simple.CalculatorDivTest" name="divLongTest" time="0.001"/>
  <testcase classname="home.epam.tc.hw1.simple.CalculatorDivTest" name="divLongTest" time="0.001"/>
</testsuite> <!-- Div Calculator Test -->
