<?xml version="1.0" encoding="UTF-8"?>
<!-- Generated by org.testng.reporters.JUnitXMLReporter -->
<testsuite ignored="0" hostname="DESKTOP-E9VMU85" failures="0" tests="9" name="Div Calculator Test" time="0.016" errors="0" timestamp="2021-10-15T19:05:23 MSK">
  <testcase classname="home.epam.tc.hw1.simple.CalculatorDivTest" name="divDoubleTest" time="0.0"/>
  <testcase classname="home.epam.tc.hw1.simple.CalculatorDivTest" name="divDoubleTest" time="0.0"/>
  <testcase classname="home.epam.tc.hw1.simple.CalculatorDivTest" name="divDoubleTest" time="0.0"/>
  <testcase classname="home.epam.tc.hw1.simple.CalculatorDivTest" name="divExceptionLongTest" time="0.008"/>
  <testcase classname="home.epam.tc.hw1.simple.CalculatorDivTest" name="divExceptionLongTest" time="0.0"/>
  <testcase classname="home.epam.tc.hw1.simple.CalculatorDivTest" name="divExceptionLongTest" time="0.008"/>
  <testcase classname="home.epam.tc.hw1.simple.CalculatorDivTest" name="divLongTest" time="0.0"/>
  <testcase classname="home.epam.tc.hw1.simple.CalculatorDivTest" name="divLongTest" time="0.0"/>
  <testcase classname="home.epam.tc.hw1.simple.CalculatorDivTest" name="divLongTest" time="0.0"/>
</testsuite> <!-- Div Calculator Test -->
