<?xml version="1.0" encoding="UTF-8"?>
<!-- Generated by org.testng.reporters.JUnitXMLReporter -->
<testsuite ignored="0" hostname="DESKTOP-E9VMU85" failures="0" tests="6" name="Mult Calculator Test" time="0.176" errors="0" timestamp="2021-10-15T19:05:23 MSK">
  <testcase classname="home.epam.tc.hw1.simple.CalculatorMultTest" name="multDoubleTest" time="0.096"/>
  <testcase classname="home.epam.tc.hw1.simple.CalculatorMultTest" name="multDoubleTest" time="0.0"/>
  <testcase classname="home.epam.tc.hw1.simple.CalculatorMultTest" name="multDoubleTest" time="0.0"/>
  <testcase classname="home.epam.tc.hw1.simple.CalculatorMultTest" name="multLongTest" time="0.0"/>
  <testcase classname="home.epam.tc.hw1.simple.CalculatorMultTest" name="multLongTest" time="0.0"/>
  <testcase classname="home.epam.tc.hw1.simple.CalculatorMultTest" name="multLongTest" time="0.0"/>
</testsuite> <!-- Mult Calculator Test -->
