<?xml version="1.0" encoding="UTF-8"?>
<!-- Generated by org.testng.reporters.JUnitXMLReporter -->
<testsuite ignored="0" hostname="DESKTOP-E9VMU85" failures="0" tests="6" name="Sub Calculator Test" time="0.014" errors="0" timestamp="2021-10-16T02:00:02 MSK">
  <testcase classname="home.epam.tc.hw1.simple.CalculatorSubTest" name="subDoubleTest" time="0.0"/>
  <testcase classname="home.epam.tc.hw1.simple.CalculatorSubTest" name="subDoubleTest" time="0.0"/>
  <testcase classname="home.epam.tc.hw1.simple.CalculatorSubTest" name="subDoubleTest" time="0.0"/>
  <testcase classname="home.epam.tc.hw1.simple.CalculatorSubTest" name="subLongTest" time="0.0"/>
  <testcase classname="home.epam.tc.hw1.simple.CalculatorSubTest" name="subLongTest" time="0.001"/>
  <testcase classname="home.epam.tc.hw1.simple.CalculatorSubTest" name="subLongTest" time="0.0"/>
</testsuite> <!-- Sub Calculator Test -->
