<?xml version="1.0" encoding="UTF-8"?>
<!-- Generated by org.testng.reporters.JUnitXMLReporter -->
<testsuite ignored="0" hostname="DESKTOP-E9VMU85" failures="0" tests="6" name="Sum Calculator Test" time="0.173" errors="0" timestamp="2021-10-15T18:48:55 MSK">
  <testcase classname="home.epam.tc.hw1.simple.CalculatorSumTest" name="sumDoubleTest" time="0.078"/>
  <testcase classname="home.epam.tc.hw1.simple.CalculatorSumTest" name="sumDoubleTest" time="0.0"/>
  <testcase classname="home.epam.tc.hw1.simple.CalculatorSumTest" name="sumDoubleTest" time="0.0"/>
  <testcase classname="home.epam.tc.hw1.simple.CalculatorSumTest" name="sumLongTest" time="0.0"/>
  <testcase classname="home.epam.tc.hw1.simple.CalculatorSumTest" name="sumLongTest" time="0.0"/>
  <testcase classname="home.epam.tc.hw1.simple.CalculatorSumTest" name="sumLongTest" time="0.0"/>
</testsuite> <!-- Sum Calculator Test -->
