<?xml version="1.0" encoding="UTF-8"?>
<testsuite xmlns:xsi="http://www.w3.org/2001/XMLSchema-instance" xsi:noNamespaceSchemaLocation="https://maven.apache.org/surefire/maven-surefire-plugin/xsd/surefire-test-report-3.0.xsd" version="3.0" name="TestSuite" time="0.936" tests="41" errors="0" skipped="0" failures="0">
  <properties>
[...]
</properties>
  <testcase name="divDoubleTest[2, 1.2, 1.6666666666666667](1)" classname="home.epam.tc.hw1.simple.CalculatorDivTest" time="0.074"/>
  <testcase name="divDoubleTest[5.3, 5.4, 0.9814814814814814](2)" classname="home.epam.tc.hw1.simple.CalculatorDivTest" time="0">
    <system-out><![CDATA[
]]></system-out>
  </testcase>
  <testcase name="divDoubleTest[0.4, 0.2, 2](3)" classname="home.epam.tc.hw1.simple.CalculatorDivTest" time="0">
    <system-out><![CDATA[
]]></system-out>
  </testcase>
  <testcase name="divExceptionLongTest[2, 0](1)" classname="home.epam.tc.hw1.simple.CalculatorDivTest" time="0.005">
    <system-out><![CDATA[
]]></system-out>
  </testcase>
  <testcase name="divExceptionLongTest[6, 0](2)" classname="home.epam.tc.hw1.simple.CalculatorDivTest" time="0">
    <system-out><![CDATA[
]]></system-out>
  </testcase>
  <testcase name="divExceptionLongTest[4, 0](3)" classname="home.epam.tc.hw1.simple.CalculatorDivTest" time="0">
    <system-out><![CDATA[
]]></system-out>
  </testcase>
  <testcase name="divLongTest[2, 2, 1](1)" classname="home.epam.tc.hw1.simple.CalculatorDivTest" time="0.001">
    <system-out><![CDATA[
]]></system-out>
  </testcase>
  <testcase name="divLongTest[6, 3, 2](2)" classname="home.epam.tc.hw1.simple.CalculatorDivTest" time="0">
    <system-out><![CDATA[
]]></system-out>
  </testcase>
  <testcase name="divLongTest[6, 2, 3](3)" classname="home.epam.tc.hw1.simple.CalculatorDivTest" time="0">
    <system-out><![CDATA[
]]></system-out>
  </testcase>
  <testcase name="powDoubleTest[2, 1.2, 2.0](1)" classname="home.epam.tc.hw1.complex.CalculatorPowTest" time="0">
    <system-out><![CDATA[
]]></system-out>
  </testcase>
  <testcase name="powDoubleTest[5.3, 5.4, 4181.954929999999](2)" classname="home.epam.tc.hw1.complex.CalculatorPowTest" time="0">
    <system-out><![CDATA[
]]></system-out>
  </testcase>
  <testcase name="powDoubleTest[0.4, 0.2, 1.0](3)" classname="home.epam.tc.hw1.complex.CalculatorPowTest" time="0">
    <system-out><![CDATA[
]]></system-out>
  </testcase>
  <testcase name="isNegativeDoubleTest[-2](1)" classname="home.epam.tc.hw1.bo.CalculatorIsPositiveNegativeTest" time="0.001">
    <system-out><![CDATA[
]]></system-out>
  </testcase>
  <testcase name="isNegativeDoubleTest[-5](2)" classname="home.epam.tc.hw1.bo.CalculatorIsPositiveNegativeTest" time="0.001">
    <system-out><![CDATA[
]]></system-out>
  </testcase>
  <testcase name="isNegativeDoubleTest[-4](3)" classname="home.epam.tc.hw1.bo.CalculatorIsPositiveNegativeTest" time="0.001">
    <system-out><![CDATA[
]]></system-out>
  </testcase>
  <testcase name="isNegativeDoubleTest[-6](4)" classname="home.epam.tc.hw1.bo.CalculatorIsPositiveNegativeTest" time="0">
    <system-out><![CDATA[
]]></system-out>
  </testcase>
  <testcase name="isPositiveTest[2](1)" classname="home.epam.tc.hw1.bo.CalculatorIsPositiveNegativeTest" time="0">
    <system-out><![CDATA[
]]></system-out>
  </testcase>
  <testcase name="isPositiveTest[5](2)" classname="home.epam.tc.hw1.bo.CalculatorIsPositiveNegativeTest" time="0">
    <system-out><![CDATA[
]]></system-out>
  </testcase>
  <testcase name="isPositiveTest[4](3)" classname="home.epam.tc.hw1.bo.CalculatorIsPositiveNegativeTest" time="0">
    <system-out><![CDATA[
]]></system-out>
  </testcase>
  <testcase name="isPositiveTest[6](4)" classname="home.epam.tc.hw1.bo.CalculatorIsPositiveNegativeTest" time="0">
    <system-out><![CDATA[
]]></system-out>
  </testcase>
  <testcase name="multDoubleTest[1.0, 1.2, 1.0](1)" classname="home.epam.tc.hw1.simple.CalculatorMultTest" time="0">
    <system-out><![CDATA[
]]></system-out>
  </testcase>
  <testcase name="multDoubleTest[5.3, 5.4, 28.0](2)" classname="home.epam.tc.hw1.simple.CalculatorMultTest" time="0">
    <system-out><![CDATA[
]]></system-out>
  </testcase>
  <testcase name="multDoubleTest[0.4, 0.2, 0](3)" classname="home.epam.tc.hw1.simple.CalculatorMultTest" time="0">
    <system-out><![CDATA[
]]></system-out>
  </testcase>
  <testcase name="multLongTest[2, 2, 4](1)" classname="home.epam.tc.hw1.simple.CalculatorMultTest" time="0">
    <system-out><![CDATA[
]]></system-out>
  </testcase>
  <testcase name="multLongTest[3, 3, 9](2)" classname="home.epam.tc.hw1.simple.CalculatorMultTest" time="0">
    <system-out><![CDATA[
]]></system-out>
  </testcase>
  <testcase name="multLongTest[6, 6, 36](3)" classname="home.epam.tc.hw1.simple.CalculatorMultTest" time="0">
    <system-out><![CDATA[
]]></system-out>
  </testcase>
  <testcase name="sqrtDoubleTest[36, 6.0](1)" classname="home.epam.tc.hw1.complex.CalculatorSqrtTest" time="0">
    <system-out><![CDATA[
]]></system-out>
  </testcase>
  <testcase name="sqrtDoubleTest[22.2, 4.711687595755898](2)" classname="home.epam.tc.hw1.complex.CalculatorSqrtTest" time="0">
    <system-out><![CDATA[
]]></system-out>
  </testcase>
  <testcase name="sqrtDoubleTest[46.1, 6.789698078707183](3)" classname="home.epam.tc.hw1.complex.CalculatorSqrtTest" time="0">
    <system-out><![CDATA[
]]></system-out>
  </testcase>
  <testcase name="subDoubleTest[1.0, 1.2, -0.19999999999999996](1)" classname="home.epam.tc.hw1.simple.CalculatorSubTest" time="0">
    <system-out><![CDATA[
]]></system-out>
  </testcase>
  <testcase name="subDoubleTest[5.3, 5.4, -0.10000000000000053](2)" classname="home.epam.tc.hw1.simple.CalculatorSubTest" time="0">
    <system-out><![CDATA[
]]></system-out>
  </testcase>
  <testcase name="subDoubleTest[12.64, 22.3, -9.66](3)" classname="home.epam.tc.hw1.simple.CalculatorSubTest" time="0">
    <system-out><![CDATA[
]]></system-out>
  </testcase>
  <testcase name="subLongTest[1, 2, -1](1)" classname="home.epam.tc.hw1.simple.CalculatorSubTest" time="0">
    <system-out><![CDATA[
]]></system-out>
  </testcase>
  <testcase name="subLongTest[25, 25, 0](2)" classname="home.epam.tc.hw1.simple.CalculatorSubTest" time="0">
    <system-out><![CDATA[
]]></system-out>
  </testcase>
  <testcase name="subLongTest[300, 300, 0](3)" classname="home.epam.tc.hw1.simple.CalculatorSubTest" time="0">
    <system-out><![CDATA[
]]></system-out>
  </testcase>
  <testcase name="sumDoubleTest[1.0, 1.2, 2.2](1)" classname="home.epam.tc.hw1.simple.CalculatorSumTest" time="0">
    <system-out><![CDATA[
]]></system-out>
  </testcase>
  <testcase name="sumDoubleTest[5.3, 5.4, 10.7](2)" classname="home.epam.tc.hw1.simple.CalculatorSumTest" time="0">
    <system-out><![CDATA[
]]></system-out>
  </testcase>
  <testcase name="sumDoubleTest[12.64, 22.3, 34.94](3)" classname="home.epam.tc.hw1.simple.CalculatorSumTest" time="0.002">
    <system-out><![CDATA[
]]></system-out>
  </testcase>
  <testcase name="sumLongTest[1, 2, 3](1)" classname="home.epam.tc.hw1.simple.CalculatorSumTest" time="0">
    <system-out><![CDATA[
]]></system-out>
  </testcase>
  <testcase name="sumLongTest[25, 25, 50](2)" classname="home.epam.tc.hw1.simple.CalculatorSumTest" time="0">
    <system-out><![CDATA[
]]></system-out>
  </testcase>
  <testcase name="sumLongTest[300, 300, 600](3)" classname="home.epam.tc.hw1.simple.CalculatorSumTest" time="0">
    <system-out><![CDATA[
]]></system-out>
  </testcase>
</testsuite>