<?xml version="1.0" encoding="UTF-8"?>
<testng-results ignored="0" total="15" passed="15" failed="0" skipped="0">
  <reporter-output>
  </reporter-output>
  <suite started-at="2021-10-17T16:47:06 MSK" name="Mult Div Calculator Test Suite" finished-at="2021-10-17T16:47:06 MSK" duration-ms="390">
    <groups>
      <group name="multDiv">
        <method signature="CalculatorMultTest.multDoubleTest(double,double,double)[pri:0, instance:home.epam.tc.hw1.simple.CalculatorMultTest@3e96bacf]" name="multDoubleTest" class="home.epam.tc.hw1.simple.CalculatorMultTest"/>
        <method signature="CalculatorMultTest.multLongTest(long,long,long)[pri:0, instance:home.epam.tc.hw1.simple.CalculatorMultTest@3e96bacf]" name="multLongTest" class="home.epam.tc.hw1.simple.CalculatorMultTest"/>
        <method signature="CalculatorDivTest.divDoubleTest(double,double,double)[pri:0, instance:home.epam.tc.hw1.simple.CalculatorDivTest@29e495ff]" name="divDoubleTest" class="home.epam.tc.hw1.simple.CalculatorDivTest"/>
        <method signature="CalculatorDivTest.divExceptionLongTest(long,long)[pri:0, instance:home.epam.tc.hw1.simple.CalculatorDivTest@29e495ff]" name="divExceptionLongTest" class="home.epam.tc.hw1.simple.CalculatorDivTest"/>
        <method signature="CalculatorDivTest.divLongTest(long,long,long)[pri:0, instance:home.epam.tc.hw1.simple.CalculatorDivTest@29e495ff]" name="divLongTest" class="home.epam.tc.hw1.simple.CalculatorDivTest"/>
      </group> <!-- multDiv -->
    </groups>
    <test started-at="2021-10-17T16:47:06 MSK" name="Mult Calculator Test" finished-at="2021-10-17T16:47:06 MSK" duration-ms="269">
      <class name="home.epam.tc.hw1.simple.CalculatorMultTest">
        <test-method is-config="true" signature="setUp()[pri:0, instance:home.epam.tc.hw1.simple.CalculatorMultTest@3e96bacf]" started-at="2021-10-17T16:47:06 MSK" name="setUp" finished-at="2021-10-17T16:47:06 MSK" duration-ms="8" status="PASS">
          <reporter-output>
          </reporter-output>
        </test-method> <!-- setUp -->
        <test-method signature="multDoubleTest(double,double,double)[pri:0, instance:home.epam.tc.hw1.simple.CalculatorMultTest@3e96bacf]" started-at="2021-10-17T16:47:06 MSK" name="multDoubleTest" data-provider="multDoubleDataProvider" finished-at="2021-10-17T16:47:06 MSK" duration-ms="150" status="PASS">
          <params>
            <param index="0">
              <value>
                <![CDATA[1.0]]>
              </value>
            </param>
            <param index="1">
              <value>
                <![CDATA[1.2]]>
              </value>
            </param>
            <param index="2">
              <value>
                <![CDATA[1.0]]>
              </value>
            </param>
          </params>
          <reporter-output>
          </reporter-output>
        </test-method> <!-- multDoubleTest -->
        <test-method is-config="true" signature="tearDown()[pri:0, instance:home.epam.tc.hw1.simple.CalculatorMultTest@3e96bacf]" started-at="2021-10-17T16:47:06 MSK" name="tearDown" finished-at="2021-10-17T16:47:06 MSK" duration-ms="1" status="PASS">
          <reporter-output>
          </reporter-output>
        </test-method> <!-- tearDown -->
        <test-method signature="multDoubleTest(double,double,double)[pri:0, instance:home.epam.tc.hw1.simple.CalculatorMultTest@3e96bacf]" started-at="2021-10-17T16:47:06 MSK" name="multDoubleTest" data-provider="multDoubleDataProvider" finished-at="2021-10-17T16:47:06 MSK" duration-ms="1" status="PASS">
          <params>
            <param index="0">
              <value>
                <![CDATA[5.3]]>
              </value>
            </param>
            <param index="1">
              <value>
                <![CDATA[5.4]]>
              </value>
            </param>
            <param index="2">
              <value>
                <![CDATA[28.0]]>
              </value>
            </param>
          </params>
          <reporter-output>
          </reporter-output>
        </test-method> <!-- multDoubleTest -->
        <test-method is-config="true" signature="setUp()[pri:0, instance:home.epam.tc.hw1.simple.CalculatorMultTest@3e96bacf]" started-at="2021-10-17T16:47:06 MSK" name="setUp" finished-at="2021-10-17T16:47:06 MSK" duration-ms="0" status="PASS">
          <reporter-output>
          </reporter-output>
        </test-method> <!-- setUp -->
        <test-method is-config="true" signature="tearDown()[pri:0, instance:home.epam.tc.hw1.simple.CalculatorMultTest@3e96bacf]" started-at="2021-10-17T16:47:06 MSK" name="tearDown" finished-at="2021-10-17T16:47:06 MSK" duration-ms="0" status="PASS">
          <reporter-output>
          </reporter-output>
        </test-method> <!-- tearDown -->
        <test-method is-config="true" signature="setUp()[pri:0, instance:home.epam.tc.hw1.simple.CalculatorMultTest@3e96bacf]" started-at="2021-10-17T16:47:06 MSK" name="setUp" finished-at="2021-10-17T16:47:06 MSK" duration-ms="1" status="PASS">
          <reporter-output>
          </reporter-output>
        </test-method> <!-- setUp -->
        <test-method signature="multDoubleTest(double,double,double)[pri:0, instance:home.epam.tc.hw1.simple.CalculatorMultTest@3e96bacf]" started-at="2021-10-17T16:47:06 MSK" name="multDoubleTest" data-provider="multDoubleDataProvider" finished-at="2021-10-17T16:47:06 MSK" duration-ms="1" status="PASS">
          <params>
            <param index="0">
              <value>
                <![CDATA[0.4]]>
              </value>
            </param>
            <param index="1">
              <value>
                <![CDATA[0.2]]>
              </value>
            </param>
            <param index="2">
              <value>
                <![CDATA[0]]>
              </value>
            </param>
          </params>
          <reporter-output>
          </reporter-output>
        </test-method> <!-- multDoubleTest -->
        <test-method is-config="true" signature="tearDown()[pri:0, instance:home.epam.tc.hw1.simple.CalculatorMultTest@3e96bacf]" started-at="2021-10-17T16:47:06 MSK" name="tearDown" finished-at="2021-10-17T16:47:06 MSK" duration-ms="1" status="PASS">
          <reporter-output>
          </reporter-output>
        </test-method> <!-- tearDown -->
        <test-method signature="multLongTest(long,long,long)[pri:0, instance:home.epam.tc.hw1.simple.CalculatorMultTest@3e96bacf]" started-at="2021-10-17T16:47:06 MSK" name="multLongTest" data-provider="multLongDataProvider" finished-at="2021-10-17T16:47:06 MSK" duration-ms="1" status="PASS">
          <params>
            <param index="0">
              <value>
                <![CDATA[2]]>
              </value>
            </param>
            <param index="1">
              <value>
                <![CDATA[2]]>
              </value>
            </param>
            <param index="2">
              <value>
                <![CDATA[4]]>
              </value>
            </param>
          </params>
          <reporter-output>
          </reporter-output>
        </test-method> <!-- multLongTest -->
        <test-method is-config="true" signature="setUp()[pri:0, instance:home.epam.tc.hw1.simple.CalculatorMultTest@3e96bacf]" started-at="2021-10-17T16:47:06 MSK" name="setUp" finished-at="2021-10-17T16:47:06 MSK" duration-ms="0" status="PASS">
          <reporter-output>
          </reporter-output>
        </test-method> <!-- setUp -->
        <test-method is-config="true" signature="tearDown()[pri:0, instance:home.epam.tc.hw1.simple.CalculatorMultTest@3e96bacf]" started-at="2021-10-17T16:47:06 MSK" name="tearDown" finished-at="2021-10-17T16:47:06 MSK" duration-ms="2" status="PASS">
          <reporter-output>
          </reporter-output>
        </test-method> <!-- tearDown -->
        <test-method is-config="true" signature="setUp()[pri:0, instance:home.epam.tc.hw1.simple.CalculatorMultTest@3e96bacf]" started-at="2021-10-17T16:47:06 MSK" name="setUp" finished-at="2021-10-17T16:47:06 MSK" duration-ms="1" status="PASS">
          <reporter-output>
          </reporter-output>
        </test-method> <!-- setUp -->
        <test-method signature="multLongTest(long,long,long)[pri:0, instance:home.epam.tc.hw1.simple.CalculatorMultTest@3e96bacf]" started-at="2021-10-17T16:47:06 MSK" name="multLongTest" data-provider="multLongDataProvider" finished-at="2021-10-17T16:47:06 MSK" duration-ms="0" status="PASS">
          <params>
            <param index="0">
              <value>
                <![CDATA[3]]>
              </value>
            </param>
            <param index="1">
              <value>
                <![CDATA[3]]>
              </value>
            </param>
            <param index="2">
              <value>
                <![CDATA[9]]>
              </value>
            </param>
          </params>
          <reporter-output>
          </reporter-output>
        </test-method> <!-- multLongTest -->
        <test-method is-config="true" signature="tearDown()[pri:0, instance:home.epam.tc.hw1.simple.CalculatorMultTest@3e96bacf]" started-at="2021-10-17T16:47:06 MSK" name="tearDown" finished-at="2021-10-17T16:47:06 MSK" duration-ms="1" status="PASS">
          <reporter-output>
          </reporter-output>
        </test-method> <!-- tearDown -->
        <test-method signature="multLongTest(long,long,long)[pri:0, instance:home.epam.tc.hw1.simple.CalculatorMultTest@3e96bacf]" started-at="2021-10-17T16:47:06 MSK" name="multLongTest" data-provider="multLongDataProvider" finished-at="2021-10-17T16:47:06 MSK" duration-ms="0" status="PASS">
          <params>
            <param index="0">
              <value>
                <![CDATA[6]]>
              </value>
            </param>
            <param index="1">
              <value>
                <![CDATA[6]]>
              </value>
            </param>
            <param index="2">
              <value>
                <![CDATA[36]]>
              </value>
            </param>
          </params>
          <reporter-output>
          </reporter-output>
        </test-method> <!-- multLongTest -->
        <test-method is-config="true" signature="setUp()[pri:0, instance:home.epam.tc.hw1.simple.CalculatorMultTest@3e96bacf]" started-at="2021-10-17T16:47:06 MSK" name="setUp" finished-at="2021-10-17T16:47:06 MSK" duration-ms="0" status="PASS">
          <reporter-output>
          </reporter-output>
        </test-method> <!-- setUp -->
        <test-method is-config="true" signature="tearDown()[pri:0, instance:home.epam.tc.hw1.simple.CalculatorMultTest@3e96bacf]" started-at="2021-10-17T16:47:06 MSK" name="tearDown" finished-at="2021-10-17T16:47:06 MSK" duration-ms="1" status="PASS">
          <reporter-output>
          </reporter-output>
        </test-method> <!-- tearDown -->
      </class> <!-- home.epam.tc.hw1.simple.CalculatorMultTest -->
    </test> <!-- Mult Calculator Test -->
    <test started-at="2021-10-17T16:47:06 MSK" name="Div Calculator Test" finished-at="2021-10-17T16:47:06 MSK" duration-ms="26">
      <class name="home.epam.tc.hw1.simple.CalculatorDivTest">
        <test-method signature="divDoubleTest(double,double,double)[pri:0, instance:home.epam.tc.hw1.simple.CalculatorDivTest@29e495ff]" started-at="2021-10-17T16:47:06 MSK" name="divDoubleTest" data-provider="divDoubleDataProvider" finished-at="2021-10-17T16:47:06 MSK" duration-ms="1" status="PASS">
          <params>
            <param index="0">
              <value>
                <![CDATA[2]]>
              </value>
            </param>
            <param index="1">
              <value>
                <![CDATA[1.2]]>
              </value>
            </param>
            <param index="2">
              <value>
                <![CDATA[1.6666666666666667]]>
              </value>
            </param>
          </params>
          <reporter-output>
          </reporter-output>
        </test-method> <!-- divDoubleTest -->
        <test-method is-config="true" signature="setUp()[pri:0, instance:home.epam.tc.hw1.simple.CalculatorDivTest@29e495ff]" started-at="2021-10-17T16:47:06 MSK" name="setUp" finished-at="2021-10-17T16:47:06 MSK" duration-ms="0" status="PASS">
          <reporter-output>
          </reporter-output>
        </test-method> <!-- setUp -->
        <test-method is-config="true" signature="tearDown()[pri:0, instance:home.epam.tc.hw1.simple.CalculatorDivTest@29e495ff]" started-at="2021-10-17T16:47:06 MSK" name="tearDown" finished-at="2021-10-17T16:47:06 MSK" duration-ms="0" status="PASS">
          <reporter-output>
          </reporter-output>
        </test-method> <!-- tearDown -->
        <test-method signature="divDoubleTest(double,double,double)[pri:0, instance:home.epam.tc.hw1.simple.CalculatorDivTest@29e495ff]" started-at="2021-10-17T16:47:06 MSK" name="divDoubleTest" data-provider="divDoubleDataProvider" finished-at="2021-10-17T16:47:06 MSK" duration-ms="0" status="PASS">
          <params>
            <param index="0">
              <value>
                <![CDATA[5.3]]>
              </value>
            </param>
            <param index="1">
              <value>
                <![CDATA[5.4]]>
              </value>
            </param>
            <param index="2">
              <value>
                <![CDATA[0.9814814814814814]]>
              </value>
            </param>
          </params>
          <reporter-output>
          </reporter-output>
        </test-method> <!-- divDoubleTest -->
        <test-method is-config="true" signature="setUp()[pri:0, instance:home.epam.tc.hw1.simple.CalculatorDivTest@29e495ff]" started-at="2021-10-17T16:47:06 MSK" name="setUp" finished-at="2021-10-17T16:47:06 MSK" duration-ms="0" status="PASS">
          <reporter-output>
          </reporter-output>
        </test-method> <!-- setUp -->
        <test-method is-config="true" signature="setUp()[pri:0, instance:home.epam.tc.hw1.simple.CalculatorDivTest@29e495ff]" started-at="2021-10-17T16:47:06 MSK" name="setUp" finished-at="2021-10-17T16:47:06 MSK" duration-ms="1" status="PASS">
          <reporter-output>
          </reporter-output>
        </test-method> <!-- setUp -->
        <test-method is-config="true" signature="tearDown()[pri:0, instance:home.epam.tc.hw1.simple.CalculatorDivTest@29e495ff]" started-at="2021-10-17T16:47:06 MSK" name="tearDown" finished-at="2021-10-17T16:47:06 MSK" duration-ms="0" status="PASS">
          <reporter-output>
          </reporter-output>
        </test-method> <!-- tearDown -->
        <test-method is-config="true" signature="tearDown()[pri:0, instance:home.epam.tc.hw1.simple.CalculatorDivTest@29e495ff]" started-at="2021-10-17T16:47:06 MSK" name="tearDown" finished-at="2021-10-17T16:47:06 MSK" duration-ms="1" status="PASS">
          <reporter-output>
          </reporter-output>
        </test-method> <!-- tearDown -->
        <test-method signature="divDoubleTest(double,double,double)[pri:0, instance:home.epam.tc.hw1.simple.CalculatorDivTest@29e495ff]" started-at="2021-10-17T16:47:06 MSK" name="divDoubleTest" data-provider="divDoubleDataProvider" finished-at="2021-10-17T16:47:06 MSK" duration-ms="0" status="PASS">
          <params>
            <param index="0">
              <value>
                <![CDATA[0.4]]>
              </value>
            </param>
            <param index="1">
              <value>
                <![CDATA[0.2]]>
              </value>
            </param>
            <param index="2">
              <value>
                <![CDATA[2]]>
              </value>
            </param>
          </params>
          <reporter-output>
          </reporter-output>
        </test-method> <!-- divDoubleTest -->
        <test-method signature="divExceptionLongTest(long,long)[pri:0, instance:home.epam.tc.hw1.simple.CalculatorDivTest@29e495ff]" started-at="2021-10-17T16:47:06 MSK" name="divExceptionLongTest" data-provider="divExceptionLongDataProvider" finished-at="2021-10-17T16:47:06 MSK" duration-ms="7" status="PASS">
          <params>
            <param index="0">
              <value>
                <![CDATA[2]]>
              </value>
            </param>
            <param index="1">
              <value>
                <![CDATA[0]]>
              </value>
            </param>
          </params>
          <reporter-output>
          </reporter-output>
        </test-method> <!-- divExceptionLongTest -->
        <test-method is-config="true" signature="setUp()[pri:0, instance:home.epam.tc.hw1.simple.CalculatorDivTest@29e495ff]" started-at="2021-10-17T16:47:06 MSK" name="setUp" finished-at="2021-10-17T16:47:06 MSK" duration-ms="0" status="PASS">
          <reporter-output>
          </reporter-output>
        </test-method> <!-- setUp -->
        <test-method is-config="true" signature="tearDown()[pri:0, instance:home.epam.tc.hw1.simple.CalculatorDivTest@29e495ff]" started-at="2021-10-17T16:47:06 MSK" name="tearDown" finished-at="2021-10-17T16:47:06 MSK" duration-ms="1" status="PASS">
          <reporter-output>
          </reporter-output>
        </test-method> <!-- tearDown -->
        <test-method signature="divExceptionLongTest(long,long)[pri:0, instance:home.epam.tc.hw1.simple.CalculatorDivTest@29e495ff]" started-at="2021-10-17T16:47:06 MSK" name="divExceptionLongTest" data-provider="divExceptionLongDataProvider" finished-at="2021-10-17T16:47:06 MSK" duration-ms="1" status="PASS">
          <params>
            <param index="0">
              <value>
                <![CDATA[6]]>
              </value>
            </param>
            <param index="1">
              <value>
                <![CDATA[0]]>
              </value>
            </param>
          </params>
          <reporter-output>
          </reporter-output>
        </test-method> <!-- divExceptionLongTest -->
        <test-method is-config="true" signature="setUp()[pri:0, instance:home.epam.tc.hw1.simple.CalculatorDivTest@29e495ff]" started-at="2021-10-17T16:47:06 MSK" name="setUp" finished-at="2021-10-17T16:47:06 MSK" duration-ms="0" status="PASS">
          <reporter-output>
          </reporter-output>
        </test-method> <!-- setUp -->
        <test-method is-config="true" signature="setUp()[pri:0, instance:home.epam.tc.hw1.simple.CalculatorDivTest@29e495ff]" started-at="2021-10-17T16:47:06 MSK" name="setUp" finished-at="2021-10-17T16:47:06 MSK" duration-ms="1" status="PASS">
          <reporter-output>
          </reporter-output>
        </test-method> <!-- setUp -->
        <test-method is-config="true" signature="tearDown()[pri:0, instance:home.epam.tc.hw1.simple.CalculatorDivTest@29e495ff]" started-at="2021-10-17T16:47:06 MSK" name="tearDown" finished-at="2021-10-17T16:47:06 MSK" duration-ms="0" status="PASS">
          <reporter-output>
          </reporter-output>
        </test-method> <!-- tearDown -->
        <test-method signature="divExceptionLongTest(long,long)[pri:0, instance:home.epam.tc.hw1.simple.CalculatorDivTest@29e495ff]" started-at="2021-10-17T16:47:06 MSK" name="divExceptionLongTest" data-provider="divExceptionLongDataProvider" finished-at="2021-10-17T16:47:06 MSK" duration-ms="0" status="PASS">
          <params>
            <param index="0">
              <value>
                <![CDATA[4]]>
              </value>
            </param>
            <param index="1">
              <value>
                <![CDATA[0]]>
              </value>
            </param>
          </params>
          <reporter-output>
          </reporter-output>
        </test-method> <!-- divExceptionLongTest -->
        <test-method is-config="true" signature="tearDown()[pri:0, instance:home.epam.tc.hw1.simple.CalculatorDivTest@29e495ff]" started-at="2021-10-17T16:47:06 MSK" name="tearDown" finished-at="2021-10-17T16:47:06 MSK" duration-ms="1" status="PASS">
          <reporter-output>
          </reporter-output>
        </test-method> <!-- tearDown -->
        <test-method is-config="true" signature="setUp()[pri:0, instance:home.epam.tc.hw1.simple.CalculatorDivTest@29e495ff]" started-at="2021-10-17T16:47:06 MSK" name="setUp" finished-at="2021-10-17T16:47:06 MSK" duration-ms="0" status="PASS">
          <reporter-output>
          </reporter-output>
        </test-method> <!-- setUp -->
        <test-method signature="divLongTest(long,long,long)[pri:0, instance:home.epam.tc.hw1.simple.CalculatorDivTest@29e495ff]" started-at="2021-10-17T16:47:06 MSK" name="divLongTest" data-provider="divLongDataProvider" finished-at="2021-10-17T16:47:06 MSK" duration-ms="0" status="PASS">
          <params>
            <param index="0">
              <value>
                <![CDATA[2]]>
              </value>
            </param>
            <param index="1">
              <value>
                <![CDATA[2]]>
              </value>
            </param>
            <param index="2">
              <value>
                <![CDATA[1]]>
              </value>
            </param>
          </params>
          <reporter-output>
          </reporter-output>
        </test-method> <!-- divLongTest -->
        <test-method is-config="true" signature="tearDown()[pri:0, instance:home.epam.tc.hw1.simple.CalculatorDivTest@29e495ff]" started-at="2021-10-17T16:47:06 MSK" name="tearDown" finished-at="2021-10-17T16:47:06 MSK" duration-ms="0" status="PASS">
          <reporter-output>
          </reporter-output>
        </test-method> <!-- tearDown -->
        <test-method signature="divLongTest(long,long,long)[pri:0, instance:home.epam.tc.hw1.simple.CalculatorDivTest@29e495ff]" started-at="2021-10-17T16:47:06 MSK" name="divLongTest" data-provider="divLongDataProvider" finished-at="2021-10-17T16:47:06 MSK" duration-ms="1" status="PASS">
          <params>
            <param index="0">
              <value>
                <![CDATA[6]]>
              </value>
            </param>
            <param index="1">
              <value>
                <![CDATA[3]]>
              </value>
            </param>
            <param index="2">
              <value>
                <![CDATA[2]]>
              </value>
            </param>
          </params>
          <reporter-output>
          </reporter-output>
        </test-method> <!-- divLongTest -->
        <test-method is-config="true" signature="setUp()[pri:0, instance:home.epam.tc.hw1.simple.CalculatorDivTest@29e495ff]" started-at="2021-10-17T16:47:06 MSK" name="setUp" finished-at="2021-10-17T16:47:06 MSK" duration-ms="0" status="PASS">
          <reporter-output>
          </reporter-output>
        </test-method> <!-- setUp -->
        <test-method is-config="true" signature="tearDown()[pri:0, instance:home.epam.tc.hw1.simple.CalculatorDivTest@29e495ff]" started-at="2021-10-17T16:47:06 MSK" name="tearDown" finished-at="2021-10-17T16:47:06 MSK" duration-ms="0" status="PASS">
          <reporter-output>
          </reporter-output>
        </test-method> <!-- tearDown -->
        <test-method is-config="true" signature="setUp()[pri:0, instance:home.epam.tc.hw1.simple.CalculatorDivTest@29e495ff]" started-at="2021-10-17T16:47:06 MSK" name="setUp" finished-at="2021-10-17T16:47:06 MSK" duration-ms="0" status="PASS">
          <reporter-output>
          </reporter-output>
        </test-method> <!-- setUp -->
        <test-method signature="divLongTest(long,long,long)[pri:0, instance:home.epam.tc.hw1.simple.CalculatorDivTest@29e495ff]" started-at="2021-10-17T16:47:06 MSK" name="divLongTest" data-provider="divLongDataProvider" finished-at="2021-10-17T16:47:06 MSK" duration-ms="1" status="PASS">
          <params>
            <param index="0">
              <value>
                <![CDATA[6]]>
              </value>
            </param>
            <param index="1">
              <value>
                <![CDATA[2]]>
              </value>
            </param>
            <param index="2">
              <value>
                <![CDATA[3]]>
              </value>
            </param>
          </params>
          <reporter-output>
          </reporter-output>
        </test-method> <!-- divLongTest -->
        <test-method is-config="true" signature="tearDown()[pri:0, instance:home.epam.tc.hw1.simple.CalculatorDivTest@29e495ff]" started-at="2021-10-17T16:47:06 MSK" name="tearDown" finished-at="2021-10-17T16:47:06 MSK" duration-ms="1" status="PASS">
          <reporter-output>
          </reporter-output>
        </test-method> <!-- tearDown -->
      </class> <!-- home.epam.tc.hw1.simple.CalculatorDivTest -->
    </test> <!-- Div Calculator Test -->
  </suite> <!-- Mult Div Calculator Test Suite -->
</testng-results>
