<?xml version="1.0" encoding="UTF-8"?>
<testsuite xmlns:xsi="http://www.w3.org/2001/XMLSchema-instance" xsi:noNamespaceSchemaLocation="https://maven.apache.org/surefire/maven-surefire-plugin/xsd/surefire-test-report-3.0.xsd" version="3.0" name="TestSuite" time="1.481" tests="15" errors="0" skipped="0" failures="0">
  <properties>
[...]
</properties>
  <testcase name="multDoubleTest[1.0, 1.2, 1.0](1)" classname="home.epam.tc.hw1.simple.CalculatorMultTest" time="0.153"/>
  <testcase name="multDoubleTest[5.3, 5.4, 28.0](2)" classname="home.epam.tc.hw1.simple.CalculatorMultTest" time="0">
    <system-out><![CDATA[
]]></system-out>
  </testcase>
  <testcase name="multDoubleTest[0.4, 0.2, 0](3)" classname="home.epam.tc.hw1.simple.CalculatorMultTest" time="0.001">
    <system-out><![CDATA[
]]></system-out>
  </testcase>
  <testcase name="multLongTest[2, 2, 4](1)" classname="home.epam.tc.hw1.simple.CalculatorMultTest" time="0">
    <system-out><![CDATA[
]]></system-out>
  </testcase>
  <testcase name="multLongTest[3, 3, 9](2)" classname="home.epam.tc.hw1.simple.CalculatorMultTest" time="0">
    <system-out><![CDATA[
]]></system-out>
  </testcase>
  <testcase name="multLongTest[6, 6, 36](3)" classname="home.epam.tc.hw1.simple.CalculatorMultTest" time="0.008">
    <system-out><![CDATA[
]]></system-out>
  </testcase>
  <testcase name="divDoubleTest[2, 1.2, 1.6666666666666667](1)" classname="home.epam.tc.hw1.simple.CalculatorDivTest" time="0">
    <system-out><![CDATA[
]]></system-out>
  </testcase>
  <testcase name="divDoubleTest[5.3, 5.4, 0.9814814814814814](2)" classname="home.epam.tc.hw1.simple.CalculatorDivTest" time="0">
    <system-out><![CDATA[
]]></system-out>
  </testcase>
  <testcase name="divDoubleTest[0.4, 0.2, 2](3)" classname="home.epam.tc.hw1.simple.CalculatorDivTest" time="0">
    <system-out><![CDATA[
]]></system-out>
  </testcase>
  <testcase name="divExceptionLongTest[2, 0](1)" classname="home.epam.tc.hw1.simple.CalculatorDivTest" time="0.007">
    <system-out><![CDATA[
]]></system-out>
  </testcase>
  <testcase name="divExceptionLongTest[6, 0](2)" classname="home.epam.tc.hw1.simple.CalculatorDivTest" time="0">
    <system-out><![CDATA[
]]></system-out>
  </testcase>
  <testcase name="divExceptionLongTest[4, 0](3)" classname="home.epam.tc.hw1.simple.CalculatorDivTest" time="0">
    <system-out><![CDATA[
]]></system-out>
  </testcase>
  <testcase name="divLongTest[2, 2, 1](1)" classname="home.epam.tc.hw1.simple.CalculatorDivTest" time="0">
    <system-out><![CDATA[
]]></system-out>
  </testcase>
  <testcase name="divLongTest[6, 3, 2](2)" classname="home.epam.tc.hw1.simple.CalculatorDivTest" time="0">
    <system-out><![CDATA[
]]></system-out>
  </testcase>
  <testcase name="divLongTest[6, 2, 3](3)" classname="home.epam.tc.hw1.simple.CalculatorDivTest" time="0">
    <system-out><![CDATA[
]]></system-out>
  </testcase>
</testsuite>