<?xml version="1.0" encoding="UTF-8"?>
<testng-results ignored="0" total="41" passed="41" failed="0" skipped="0">
  <reporter-output>
  </reporter-output>
  <suite started-at="2021-10-16T02:00:46 MSK" name="All Calculator Test Suite" finished-at="2021-10-16T02:00:46 MSK" duration-ms="181">
    <groups>
      <group name="subSum">
        <method signature="CalculatorSubTest.subDoubleTest(double,double,double)[pri:0, instance:home.epam.tc.hw1.simple.CalculatorSubTest@3e6ef8ad]" name="subDoubleTest" class="home.epam.tc.hw1.simple.CalculatorSubTest"/>
        <method signature="CalculatorSubTest.subLongTest(long,long,long)[pri:0, instance:home.epam.tc.hw1.simple.CalculatorSubTest@3e6ef8ad]" name="subLongTest" class="home.epam.tc.hw1.simple.CalculatorSubTest"/>
        <method signature="CalculatorSumTest.sumDoubleTest(double,double,double)[pri:0, instance:home.epam.tc.hw1.simple.CalculatorSumTest@747edf66]" name="sumDoubleTest" class="home.epam.tc.hw1.simple.CalculatorSumTest"/>
        <method signature="CalculatorSumTest.sumLongTest(long,long,long)[pri:0, instance:home.epam.tc.hw1.simple.CalculatorSumTest@747edf66]" name="sumLongTest" class="home.epam.tc.hw1.simple.CalculatorSumTest"/>
      </group> <!-- subSum -->
      <group name="multDiv">
        <method signature="CalculatorDivTest.divDoubleTest(double,double,double)[pri:0, instance:home.epam.tc.hw1.simple.CalculatorDivTest@76f2bbc1]" name="divDoubleTest" class="home.epam.tc.hw1.simple.CalculatorDivTest"/>
        <method signature="CalculatorDivTest.divExceptionLongTest(long,long)[pri:0, instance:home.epam.tc.hw1.simple.CalculatorDivTest@76f2bbc1]" name="divExceptionLongTest" class="home.epam.tc.hw1.simple.CalculatorDivTest"/>
        <method signature="CalculatorDivTest.divLongTest(long,long,long)[pri:0, instance:home.epam.tc.hw1.simple.CalculatorDivTest@76f2bbc1]" name="divLongTest" class="home.epam.tc.hw1.simple.CalculatorDivTest"/>
        <method signature="CalculatorMultTest.multDoubleTest(double,double,double)[pri:0, instance:home.epam.tc.hw1.simple.CalculatorMultTest@59af0466]" name="multDoubleTest" class="home.epam.tc.hw1.simple.CalculatorMultTest"/>
        <method signature="CalculatorMultTest.multLongTest(long,long,long)[pri:0, instance:home.epam.tc.hw1.simple.CalculatorMultTest@59af0466]" name="multLongTest" class="home.epam.tc.hw1.simple.CalculatorMultTest"/>
      </group> <!-- multDiv -->
    </groups>
    <test started-at="2021-10-16T02:00:46 MSK" name="All Calculator Test" finished-at="2021-10-16T02:00:46 MSK" duration-ms="181">
      <class name="home.epam.tc.hw1.bo.CalculatorIsPositiveNegativeTest">
        <test-method is-config="true" signature="setUp()[pri:0, instance:home.epam.tc.hw1.bo.CalculatorIsPositiveNegativeTest@2cd2a21f]" started-at="2021-10-16T02:00:46 MSK" name="setUp" finished-at="2021-10-16T02:00:46 MSK" duration-ms="1" status="PASS">
          <reporter-output>
          </reporter-output>
        </test-method> <!-- setUp -->
        <test-method signature="isNegativeDoubleTest(long)[pri:0, instance:home.epam.tc.hw1.bo.CalculatorIsPositiveNegativeTest@2cd2a21f]" started-at="2021-10-16T02:00:46 MSK" name="isNegativeDoubleTest" data-provider="isNegativeDataProvider" finished-at="2021-10-16T02:00:46 MSK" duration-ms="1" status="PASS">
          <params>
            <param index="0">
              <value>
                <![CDATA[-2]]>
              </value>
            </param>
          </params>
          <reporter-output>
          </reporter-output>
        </test-method> <!-- isNegativeDoubleTest -->
        <test-method is-config="true" signature="tearDown()[pri:0, instance:home.epam.tc.hw1.bo.CalculatorIsPositiveNegativeTest@2cd2a21f]" started-at="2021-10-16T02:00:46 MSK" name="tearDown" finished-at="2021-10-16T02:00:46 MSK" duration-ms="0" status="PASS">
          <reporter-output>
          </reporter-output>
        </test-method> <!-- tearDown -->
        <test-method is-config="true" signature="tearDown()[pri:0, instance:home.epam.tc.hw1.bo.CalculatorIsPositiveNegativeTest@2cd2a21f]" started-at="2021-10-16T02:00:46 MSK" name="tearDown" finished-at="2021-10-16T02:00:46 MSK" duration-ms="1" status="PASS">
          <reporter-output>
          </reporter-output>
        </test-method> <!-- tearDown -->
        <test-method is-config="true" signature="setUp()[pri:0, instance:home.epam.tc.hw1.bo.CalculatorIsPositiveNegativeTest@2cd2a21f]" started-at="2021-10-16T02:00:46 MSK" name="setUp" finished-at="2021-10-16T02:00:46 MSK" duration-ms="0" status="PASS">
          <reporter-output>
          </reporter-output>
        </test-method> <!-- setUp -->
        <test-method signature="isNegativeDoubleTest(long)[pri:0, instance:home.epam.tc.hw1.bo.CalculatorIsPositiveNegativeTest@2cd2a21f]" started-at="2021-10-16T02:00:46 MSK" name="isNegativeDoubleTest" data-provider="isNegativeDataProvider" finished-at="2021-10-16T02:00:46 MSK" duration-ms="0" status="PASS">
          <params>
            <param index="0">
              <value>
                <![CDATA[-5]]>
              </value>
            </param>
          </params>
          <reporter-output>
          </reporter-output>
        </test-method> <!-- isNegativeDoubleTest -->
        <test-method signature="isNegativeDoubleTest(long)[pri:0, instance:home.epam.tc.hw1.bo.CalculatorIsPositiveNegativeTest@2cd2a21f]" started-at="2021-10-16T02:00:46 MSK" name="isNegativeDoubleTest" data-provider="isNegativeDataProvider" finished-at="2021-10-16T02:00:46 MSK" duration-ms="0" status="PASS">
          <params>
            <param index="0">
              <value>
                <![CDATA[-4]]>
              </value>
            </param>
          </params>
          <reporter-output>
          </reporter-output>
        </test-method> <!-- isNegativeDoubleTest -->
        <test-method is-config="true" signature="setUp()[pri:0, instance:home.epam.tc.hw1.bo.CalculatorIsPositiveNegativeTest@2cd2a21f]" started-at="2021-10-16T02:00:46 MSK" name="setUp" finished-at="2021-10-16T02:00:46 MSK" duration-ms="0" status="PASS">
          <reporter-output>
          </reporter-output>
        </test-method> <!-- setUp -->
        <test-method is-config="true" signature="tearDown()[pri:0, instance:home.epam.tc.hw1.bo.CalculatorIsPositiveNegativeTest@2cd2a21f]" started-at="2021-10-16T02:00:46 MSK" name="tearDown" finished-at="2021-10-16T02:00:46 MSK" duration-ms="1" status="PASS">
          <reporter-output>
          </reporter-output>
        </test-method> <!-- tearDown -->
        <test-method is-config="true" signature="setUp()[pri:0, instance:home.epam.tc.hw1.bo.CalculatorIsPositiveNegativeTest@2cd2a21f]" started-at="2021-10-16T02:00:46 MSK" name="setUp" finished-at="2021-10-16T02:00:46 MSK" duration-ms="1" status="PASS">
          <reporter-output>
          </reporter-output>
        </test-method> <!-- setUp -->
        <test-method signature="isNegativeDoubleTest(long)[pri:0, instance:home.epam.tc.hw1.bo.CalculatorIsPositiveNegativeTest@2cd2a21f]" started-at="2021-10-16T02:00:46 MSK" name="isNegativeDoubleTest" data-provider="isNegativeDataProvider" finished-at="2021-10-16T02:00:46 MSK" duration-ms="0" status="PASS">
          <params>
            <param index="0">
              <value>
                <![CDATA[-6]]>
              </value>
            </param>
          </params>
          <reporter-output>
          </reporter-output>
        </test-method> <!-- isNegativeDoubleTest -->
        <test-method is-config="true" signature="tearDown()[pri:0, instance:home.epam.tc.hw1.bo.CalculatorIsPositiveNegativeTest@2cd2a21f]" started-at="2021-10-16T02:00:46 MSK" name="tearDown" finished-at="2021-10-16T02:00:46 MSK" duration-ms="1" status="PASS">
          <reporter-output>
          </reporter-output>
        </test-method> <!-- tearDown -->
        <test-method is-config="true" signature="setUp()[pri:0, instance:home.epam.tc.hw1.bo.CalculatorIsPositiveNegativeTest@2cd2a21f]" started-at="2021-10-16T02:00:46 MSK" name="setUp" finished-at="2021-10-16T02:00:46 MSK" duration-ms="0" status="PASS">
          <reporter-output>
          </reporter-output>
        </test-method> <!-- setUp -->
        <test-method is-config="true" signature="tearDown()[pri:0, instance:home.epam.tc.hw1.bo.CalculatorIsPositiveNegativeTest@2cd2a21f]" started-at="2021-10-16T02:00:46 MSK" name="tearDown" finished-at="2021-10-16T02:00:46 MSK" duration-ms="0" status="PASS">
          <reporter-output>
          </reporter-output>
        </test-method> <!-- tearDown -->
        <test-method signature="isPositiveTest(long)[pri:0, instance:home.epam.tc.hw1.bo.CalculatorIsPositiveNegativeTest@2cd2a21f]" started-at="2021-10-16T02:00:46 MSK" name="isPositiveTest" data-provider="isPositiveDataProvider" finished-at="2021-10-16T02:00:46 MSK" duration-ms="0" status="PASS">
          <params>
            <param index="0">
              <value>
                <![CDATA[2]]>
              </value>
            </param>
          </params>
          <reporter-output>
          </reporter-output>
        </test-method> <!-- isPositiveTest -->
        <test-method is-config="true" signature="tearDown()[pri:0, instance:home.epam.tc.hw1.bo.CalculatorIsPositiveNegativeTest@2cd2a21f]" started-at="2021-10-16T02:00:46 MSK" name="tearDown" finished-at="2021-10-16T02:00:46 MSK" duration-ms="0" status="PASS">
          <reporter-output>
          </reporter-output>
        </test-method> <!-- tearDown -->
        <test-method signature="isPositiveTest(long)[pri:0, instance:home.epam.tc.hw1.bo.CalculatorIsPositiveNegativeTest@2cd2a21f]" started-at="2021-10-16T02:00:46 MSK" name="isPositiveTest" data-provider="isPositiveDataProvider" finished-at="2021-10-16T02:00:46 MSK" duration-ms="0" status="PASS">
          <params>
            <param index="0">
              <value>
                <![CDATA[5]]>
              </value>
            </param>
          </params>
          <reporter-output>
          </reporter-output>
        </test-method> <!-- isPositiveTest -->
        <test-method is-config="true" signature="setUp()[pri:0, instance:home.epam.tc.hw1.bo.CalculatorIsPositiveNegativeTest@2cd2a21f]" started-at="2021-10-16T02:00:46 MSK" name="setUp" finished-at="2021-10-16T02:00:46 MSK" duration-ms="0" status="PASS">
          <reporter-output>
          </reporter-output>
        </test-method> <!-- setUp -->
        <test-method is-config="true" signature="tearDown()[pri:0, instance:home.epam.tc.hw1.bo.CalculatorIsPositiveNegativeTest@2cd2a21f]" started-at="2021-10-16T02:00:46 MSK" name="tearDown" finished-at="2021-10-16T02:00:46 MSK" duration-ms="0" status="PASS">
          <reporter-output>
          </reporter-output>
        </test-method> <!-- tearDown -->
        <test-method is-config="true" signature="setUp()[pri:0, instance:home.epam.tc.hw1.bo.CalculatorIsPositiveNegativeTest@2cd2a21f]" started-at="2021-10-16T02:00:46 MSK" name="setUp" finished-at="2021-10-16T02:00:46 MSK" duration-ms="0" status="PASS">
          <reporter-output>
          </reporter-output>
        </test-method> <!-- setUp -->
        <test-method signature="isPositiveTest(long)[pri:0, instance:home.epam.tc.hw1.bo.CalculatorIsPositiveNegativeTest@2cd2a21f]" started-at="2021-10-16T02:00:46 MSK" name="isPositiveTest" data-provider="isPositiveDataProvider" finished-at="2021-10-16T02:00:46 MSK" duration-ms="0" status="PASS">
          <params>
            <param index="0">
              <value>
                <![CDATA[4]]>
              </value>
            </param>
          </params>
          <reporter-output>
          </reporter-output>
        </test-method> <!-- isPositiveTest -->
        <test-method is-config="true" signature="setUp()[pri:0, instance:home.epam.tc.hw1.bo.CalculatorIsPositiveNegativeTest@2cd2a21f]" started-at="2021-10-16T02:00:46 MSK" name="setUp" finished-at="2021-10-16T02:00:46 MSK" duration-ms="0" status="PASS">
          <reporter-output>
          </reporter-output>
        </test-method> <!-- setUp -->
        <test-method signature="isPositiveTest(long)[pri:0, instance:home.epam.tc.hw1.bo.CalculatorIsPositiveNegativeTest@2cd2a21f]" started-at="2021-10-16T02:00:46 MSK" name="isPositiveTest" data-provider="isPositiveDataProvider" finished-at="2021-10-16T02:00:46 MSK" duration-ms="0" status="PASS">
          <params>
            <param index="0">
              <value>
                <![CDATA[6]]>
              </value>
            </param>
          </params>
          <reporter-output>
          </reporter-output>
        </test-method> <!-- isPositiveTest -->
        <test-method is-config="true" signature="tearDown()[pri:0, instance:home.epam.tc.hw1.bo.CalculatorIsPositiveNegativeTest@2cd2a21f]" started-at="2021-10-16T02:00:46 MSK" name="tearDown" finished-at="2021-10-16T02:00:46 MSK" duration-ms="0" status="PASS">
          <reporter-output>
          </reporter-output>
        </test-method> <!-- tearDown -->
      </class> <!-- home.epam.tc.hw1.bo.CalculatorIsPositiveNegativeTest -->
      <class name="home.epam.tc.hw1.complex.CalculatorPowTest">
        <test-method signature="powDoubleTest(double,double,double)[pri:0, instance:home.epam.tc.hw1.complex.CalculatorPowTest@3d1cfad4]" started-at="2021-10-16T02:00:46 MSK" name="powDoubleTest" data-provider="powDoubleDataProvider" finished-at="2021-10-16T02:00:46 MSK" duration-ms="1" status="PASS">
          <params>
            <param index="0">
              <value>
                <![CDATA[2]]>
              </value>
            </param>
            <param index="1">
              <value>
                <![CDATA[1.2]]>
              </value>
            </param>
            <param index="2">
              <value>
                <![CDATA[2.0]]>
              </value>
            </param>
          </params>
          <reporter-output>
          </reporter-output>
        </test-method> <!-- powDoubleTest -->
        <test-method is-config="true" signature="setUp()[pri:0, instance:home.epam.tc.hw1.complex.CalculatorPowTest@3d1cfad4]" started-at="2021-10-16T02:00:46 MSK" name="setUp" finished-at="2021-10-16T02:00:46 MSK" duration-ms="0" status="PASS">
          <reporter-output>
          </reporter-output>
        </test-method> <!-- setUp -->
        <test-method is-config="true" signature="setUp()[pri:0, instance:home.epam.tc.hw1.complex.CalculatorPowTest@3d1cfad4]" started-at="2021-10-16T02:00:46 MSK" name="setUp" finished-at="2021-10-16T02:00:46 MSK" duration-ms="0" status="PASS">
          <reporter-output>
          </reporter-output>
        </test-method> <!-- setUp -->
        <test-method signature="powDoubleTest(double,double,double)[pri:0, instance:home.epam.tc.hw1.complex.CalculatorPowTest@3d1cfad4]" started-at="2021-10-16T02:00:46 MSK" name="powDoubleTest" data-provider="powDoubleDataProvider" finished-at="2021-10-16T02:00:46 MSK" duration-ms="1" status="PASS">
          <params>
            <param index="0">
              <value>
                <![CDATA[5.3]]>
              </value>
            </param>
            <param index="1">
              <value>
                <![CDATA[5.4]]>
              </value>
            </param>
            <param index="2">
              <value>
                <![CDATA[4181.954929999999]]>
              </value>
            </param>
          </params>
          <reporter-output>
          </reporter-output>
        </test-method> <!-- powDoubleTest -->
        <test-method is-config="true" signature="tearDown()[pri:0, instance:home.epam.tc.hw1.complex.CalculatorPowTest@3d1cfad4]" started-at="2021-10-16T02:00:46 MSK" name="tearDown" finished-at="2021-10-16T02:00:46 MSK" duration-ms="0" status="PASS">
          <reporter-output>
          </reporter-output>
        </test-method> <!-- tearDown -->
        <test-method is-config="true" signature="tearDown()[pri:0, instance:home.epam.tc.hw1.complex.CalculatorPowTest@3d1cfad4]" started-at="2021-10-16T02:00:46 MSK" name="tearDown" finished-at="2021-10-16T02:00:46 MSK" duration-ms="0" status="PASS">
          <reporter-output>
          </reporter-output>
        </test-method> <!-- tearDown -->
        <test-method is-config="true" signature="setUp()[pri:0, instance:home.epam.tc.hw1.complex.CalculatorPowTest@3d1cfad4]" started-at="2021-10-16T02:00:46 MSK" name="setUp" finished-at="2021-10-16T02:00:46 MSK" duration-ms="0" status="PASS">
          <reporter-output>
          </reporter-output>
        </test-method> <!-- setUp -->
        <test-method signature="powDoubleTest(double,double,double)[pri:0, instance:home.epam.tc.hw1.complex.CalculatorPowTest@3d1cfad4]" started-at="2021-10-16T02:00:46 MSK" name="powDoubleTest" data-provider="powDoubleDataProvider" finished-at="2021-10-16T02:00:46 MSK" duration-ms="0" status="PASS">
          <params>
            <param index="0">
              <value>
                <![CDATA[0.4]]>
              </value>
            </param>
            <param index="1">
              <value>
                <![CDATA[0.2]]>
              </value>
            </param>
            <param index="2">
              <value>
                <![CDATA[1.0]]>
              </value>
            </param>
          </params>
          <reporter-output>
          </reporter-output>
        </test-method> <!-- powDoubleTest -->
        <test-method is-config="true" signature="tearDown()[pri:0, instance:home.epam.tc.hw1.complex.CalculatorPowTest@3d1cfad4]" started-at="2021-10-16T02:00:46 MSK" name="tearDown" finished-at="2021-10-16T02:00:46 MSK" duration-ms="0" status="PASS">
          <reporter-output>
          </reporter-output>
        </test-method> <!-- tearDown -->
      </class> <!-- home.epam.tc.hw1.complex.CalculatorPowTest -->
      <class name="home.epam.tc.hw1.simple.CalculatorSubTest">
        <test-method is-config="true" signature="setUp()[pri:0, instance:home.epam.tc.hw1.simple.CalculatorSubTest@3e6ef8ad]" started-at="2021-10-16T02:00:46 MSK" name="setUp" finished-at="2021-10-16T02:00:46 MSK" duration-ms="0" status="PASS">
          <reporter-output>
          </reporter-output>
        </test-method> <!-- setUp -->
        <test-method signature="subDoubleTest(double,double,double)[pri:0, instance:home.epam.tc.hw1.simple.CalculatorSubTest@3e6ef8ad]" started-at="2021-10-16T02:00:46 MSK" name="subDoubleTest" data-provider="subDoubleDataProvider" finished-at="2021-10-16T02:00:46 MSK" duration-ms="0" status="PASS">
          <params>
            <param index="0">
              <value>
                <![CDATA[1.0]]>
              </value>
            </param>
            <param index="1">
              <value>
                <![CDATA[1.2]]>
              </value>
            </param>
            <param index="2">
              <value>
                <![CDATA[-0.19999999999999996]]>
              </value>
            </param>
          </params>
          <reporter-output>
          </reporter-output>
        </test-method> <!-- subDoubleTest -->
        <test-method signature="subDoubleTest(double,double,double)[pri:0, instance:home.epam.tc.hw1.simple.CalculatorSubTest@3e6ef8ad]" started-at="2021-10-16T02:00:46 MSK" name="subDoubleTest" data-provider="subDoubleDataProvider" finished-at="2021-10-16T02:00:46 MSK" duration-ms="0" status="PASS">
          <params>
            <param index="0">
              <value>
                <![CDATA[5.3]]>
              </value>
            </param>
            <param index="1">
              <value>
                <![CDATA[5.4]]>
              </value>
            </param>
            <param index="2">
              <value>
                <![CDATA[-0.10000000000000053]]>
              </value>
            </param>
          </params>
          <reporter-output>
          </reporter-output>
        </test-method> <!-- subDoubleTest -->
        <test-method is-config="true" signature="tearDown()[pri:0, instance:home.epam.tc.hw1.simple.CalculatorSubTest@3e6ef8ad]" started-at="2021-10-16T02:00:46 MSK" name="tearDown" finished-at="2021-10-16T02:00:46 MSK" duration-ms="0" status="PASS">
          <reporter-output>
          </reporter-output>
        </test-method> <!-- tearDown -->
        <test-method is-config="true" signature="setUp()[pri:0, instance:home.epam.tc.hw1.simple.CalculatorSubTest@3e6ef8ad]" started-at="2021-10-16T02:00:46 MSK" name="setUp" finished-at="2021-10-16T02:00:46 MSK" duration-ms="0" status="PASS">
          <reporter-output>
          </reporter-output>
        </test-method> <!-- setUp -->
        <test-method is-config="true" signature="setUp()[pri:0, instance:home.epam.tc.hw1.simple.CalculatorSubTest@3e6ef8ad]" started-at="2021-10-16T02:00:46 MSK" name="setUp" finished-at="2021-10-16T02:00:46 MSK" duration-ms="0" status="PASS">
          <reporter-output>
          </reporter-output>
        </test-method> <!-- setUp -->
        <test-method is-config="true" signature="tearDown()[pri:0, instance:home.epam.tc.hw1.simple.CalculatorSubTest@3e6ef8ad]" started-at="2021-10-16T02:00:46 MSK" name="tearDown" finished-at="2021-10-16T02:00:46 MSK" duration-ms="0" status="PASS">
          <reporter-output>
          </reporter-output>
        </test-method> <!-- tearDown -->
        <test-method signature="subDoubleTest(double,double,double)[pri:0, instance:home.epam.tc.hw1.simple.CalculatorSubTest@3e6ef8ad]" started-at="2021-10-16T02:00:46 MSK" name="subDoubleTest" data-provider="subDoubleDataProvider" finished-at="2021-10-16T02:00:46 MSK" duration-ms="1" status="PASS">
          <params>
            <param index="0">
              <value>
                <![CDATA[12.64]]>
              </value>
            </param>
            <param index="1">
              <value>
                <![CDATA[22.3]]>
              </value>
            </param>
            <param index="2">
              <value>
                <![CDATA[-9.66]]>
              </value>
            </param>
          </params>
          <reporter-output>
          </reporter-output>
        </test-method> <!-- subDoubleTest -->
        <test-method is-config="true" signature="tearDown()[pri:0, instance:home.epam.tc.hw1.simple.CalculatorSubTest@3e6ef8ad]" started-at="2021-10-16T02:00:46 MSK" name="tearDown" finished-at="2021-10-16T02:00:46 MSK" duration-ms="0" status="PASS">
          <reporter-output>
          </reporter-output>
        </test-method> <!-- tearDown -->
        <test-method is-config="true" signature="tearDown()[pri:0, instance:home.epam.tc.hw1.simple.CalculatorSubTest@3e6ef8ad]" started-at="2021-10-16T02:00:46 MSK" name="tearDown" finished-at="2021-10-16T02:00:46 MSK" duration-ms="0" status="PASS">
          <reporter-output>
          </reporter-output>
        </test-method> <!-- tearDown -->
        <test-method signature="subLongTest(long,long,long)[pri:0, instance:home.epam.tc.hw1.simple.CalculatorSubTest@3e6ef8ad]" started-at="2021-10-16T02:00:46 MSK" name="subLongTest" data-provider="subLongDataProvider" finished-at="2021-10-16T02:00:46 MSK" duration-ms="0" status="PASS">
          <params>
            <param index="0">
              <value>
                <![CDATA[1]]>
              </value>
            </param>
            <param index="1">
              <value>
                <![CDATA[2]]>
              </value>
            </param>
            <param index="2">
              <value>
                <![CDATA[-1]]>
              </value>
            </param>
          </params>
          <reporter-output>
          </reporter-output>
        </test-method> <!-- subLongTest -->
        <test-method is-config="true" signature="setUp()[pri:0, instance:home.epam.tc.hw1.simple.CalculatorSubTest@3e6ef8ad]" started-at="2021-10-16T02:00:46 MSK" name="setUp" finished-at="2021-10-16T02:00:46 MSK" duration-ms="0" status="PASS">
          <reporter-output>
          </reporter-output>
        </test-method> <!-- setUp -->
        <test-method is-config="true" signature="tearDown()[pri:0, instance:home.epam.tc.hw1.simple.CalculatorSubTest@3e6ef8ad]" started-at="2021-10-16T02:00:46 MSK" name="tearDown" finished-at="2021-10-16T02:00:46 MSK" duration-ms="0" status="PASS">
          <reporter-output>
          </reporter-output>
        </test-method> <!-- tearDown -->
        <test-method is-config="true" signature="setUp()[pri:0, instance:home.epam.tc.hw1.simple.CalculatorSubTest@3e6ef8ad]" started-at="2021-10-16T02:00:46 MSK" name="setUp" finished-at="2021-10-16T02:00:46 MSK" duration-ms="0" status="PASS">
          <reporter-output>
          </reporter-output>
        </test-method> <!-- setUp -->
        <test-method signature="subLongTest(long,long,long)[pri:0, instance:home.epam.tc.hw1.simple.CalculatorSubTest@3e6ef8ad]" started-at="2021-10-16T02:00:46 MSK" name="subLongTest" data-provider="subLongDataProvider" finished-at="2021-10-16T02:00:46 MSK" duration-ms="0" status="PASS">
          <params>
            <param index="0">
              <value>
                <![CDATA[25]]>
              </value>
            </param>
            <param index="1">
              <value>
                <![CDATA[25]]>
              </value>
            </param>
            <param index="2">
              <value>
                <![CDATA[0]]>
              </value>
            </param>
          </params>
          <reporter-output>
          </reporter-output>
        </test-method> <!-- subLongTest -->
        <test-method is-config="true" signature="tearDown()[pri:0, instance:home.epam.tc.hw1.simple.CalculatorSubTest@3e6ef8ad]" started-at="2021-10-16T02:00:46 MSK" name="tearDown" finished-at="2021-10-16T02:00:46 MSK" duration-ms="0" status="PASS">
          <reporter-output>
          </reporter-output>
        </test-method> <!-- tearDown -->
        <test-method is-config="true" signature="setUp()[pri:0, instance:home.epam.tc.hw1.simple.CalculatorSubTest@3e6ef8ad]" started-at="2021-10-16T02:00:46 MSK" name="setUp" finished-at="2021-10-16T02:00:46 MSK" duration-ms="0" status="PASS">
          <reporter-output>
          </reporter-output>
        </test-method> <!-- setUp -->
        <test-method signature="subLongTest(long,long,long)[pri:0, instance:home.epam.tc.hw1.simple.CalculatorSubTest@3e6ef8ad]" started-at="2021-10-16T02:00:46 MSK" name="subLongTest" data-provider="subLongDataProvider" finished-at="2021-10-16T02:00:46 MSK" duration-ms="0" status="PASS">
          <params>
            <param index="0">
              <value>
                <![CDATA[300]]>
              </value>
            </param>
            <param index="1">
              <value>
                <![CDATA[300]]>
              </value>
            </param>
            <param index="2">
              <value>
                <![CDATA[0]]>
              </value>
            </param>
          </params>
          <reporter-output>
          </reporter-output>
        </test-method> <!-- subLongTest -->
      </class> <!-- home.epam.tc.hw1.simple.CalculatorSubTest -->
      <class name="home.epam.tc.hw1.simple.CalculatorDivTest">
        <test-method is-config="true" signature="setUp()[pri:0, instance:home.epam.tc.hw1.simple.CalculatorDivTest@76f2bbc1]" started-at="2021-10-16T02:00:46 MSK" name="setUp" finished-at="2021-10-16T02:00:46 MSK" duration-ms="5" status="PASS">
          <reporter-output>
          </reporter-output>
        </test-method> <!-- setUp -->
        <test-method signature="divDoubleTest(double,double,double)[pri:0, instance:home.epam.tc.hw1.simple.CalculatorDivTest@76f2bbc1]" started-at="2021-10-16T02:00:46 MSK" name="divDoubleTest" data-provider="divDoubleDataProvider" finished-at="2021-10-16T02:00:46 MSK" duration-ms="73" status="PASS">
          <params>
            <param index="0">
              <value>
                <![CDATA[2]]>
              </value>
            </param>
            <param index="1">
              <value>
                <![CDATA[1.2]]>
              </value>
            </param>
            <param index="2">
              <value>
                <![CDATA[1.6666666666666667]]>
              </value>
            </param>
          </params>
          <reporter-output>
          </reporter-output>
        </test-method> <!-- divDoubleTest -->
        <test-method is-config="true" signature="tearDown()[pri:0, instance:home.epam.tc.hw1.simple.CalculatorDivTest@76f2bbc1]" started-at="2021-10-16T02:00:46 MSK" name="tearDown" finished-at="2021-10-16T02:00:46 MSK" duration-ms="0" status="PASS">
          <reporter-output>
          </reporter-output>
        </test-method> <!-- tearDown -->
        <test-method is-config="true" signature="setUp()[pri:0, instance:home.epam.tc.hw1.simple.CalculatorDivTest@76f2bbc1]" started-at="2021-10-16T02:00:46 MSK" name="setUp" finished-at="2021-10-16T02:00:46 MSK" duration-ms="0" status="PASS">
          <reporter-output>
          </reporter-output>
        </test-method> <!-- setUp -->
        <test-method signature="divDoubleTest(double,double,double)[pri:0, instance:home.epam.tc.hw1.simple.CalculatorDivTest@76f2bbc1]" started-at="2021-10-16T02:00:46 MSK" name="divDoubleTest" data-provider="divDoubleDataProvider" finished-at="2021-10-16T02:00:46 MSK" duration-ms="0" status="PASS">
          <params>
            <param index="0">
              <value>
                <![CDATA[5.3]]>
              </value>
            </param>
            <param index="1">
              <value>
                <![CDATA[5.4]]>
              </value>
            </param>
            <param index="2">
              <value>
                <![CDATA[0.9814814814814814]]>
              </value>
            </param>
          </params>
          <reporter-output>
          </reporter-output>
        </test-method> <!-- divDoubleTest -->
        <test-method is-config="true" signature="tearDown()[pri:0, instance:home.epam.tc.hw1.simple.CalculatorDivTest@76f2bbc1]" started-at="2021-10-16T02:00:46 MSK" name="tearDown" finished-at="2021-10-16T02:00:46 MSK" duration-ms="1" status="PASS">
          <reporter-output>
          </reporter-output>
        </test-method> <!-- tearDown -->
        <test-method is-config="true" signature="tearDown()[pri:0, instance:home.epam.tc.hw1.simple.CalculatorDivTest@76f2bbc1]" started-at="2021-10-16T02:00:46 MSK" name="tearDown" finished-at="2021-10-16T02:00:46 MSK" duration-ms="1" status="PASS">
          <reporter-output>
          </reporter-output>
        </test-method> <!-- tearDown -->
        <test-method signature="divDoubleTest(double,double,double)[pri:0, instance:home.epam.tc.hw1.simple.CalculatorDivTest@76f2bbc1]" started-at="2021-10-16T02:00:46 MSK" name="divDoubleTest" data-provider="divDoubleDataProvider" finished-at="2021-10-16T02:00:46 MSK" duration-ms="0" status="PASS">
          <params>
            <param index="0">
              <value>
                <![CDATA[0.4]]>
              </value>
            </param>
            <param index="1">
              <value>
                <![CDATA[0.2]]>
              </value>
            </param>
            <param index="2">
              <value>
                <![CDATA[2]]>
              </value>
            </param>
          </params>
          <reporter-output>
          </reporter-output>
        </test-method> <!-- divDoubleTest -->
        <test-method is-config="true" signature="setUp()[pri:0, instance:home.epam.tc.hw1.simple.CalculatorDivTest@76f2bbc1]" started-at="2021-10-16T02:00:46 MSK" name="setUp" finished-at="2021-10-16T02:00:46 MSK" duration-ms="0" status="PASS">
          <reporter-output>
          </reporter-output>
        </test-method> <!-- setUp -->
        <test-method is-config="true" signature="setUp()[pri:0, instance:home.epam.tc.hw1.simple.CalculatorDivTest@76f2bbc1]" started-at="2021-10-16T02:00:46 MSK" name="setUp" finished-at="2021-10-16T02:00:46 MSK" duration-ms="0" status="PASS">
          <reporter-output>
          </reporter-output>
        </test-method> <!-- setUp -->
        <test-method signature="divExceptionLongTest(long,long)[pri:0, instance:home.epam.tc.hw1.simple.CalculatorDivTest@76f2bbc1]" started-at="2021-10-16T02:00:46 MSK" name="divExceptionLongTest" data-provider="divExceptionLongDataProvider" finished-at="2021-10-16T02:00:46 MSK" duration-ms="4" status="PASS">
          <params>
            <param index="0">
              <value>
                <![CDATA[2]]>
              </value>
            </param>
            <param index="1">
              <value>
                <![CDATA[0]]>
              </value>
            </param>
          </params>
          <reporter-output>
          </reporter-output>
        </test-method> <!-- divExceptionLongTest -->
        <test-method is-config="true" signature="tearDown()[pri:0, instance:home.epam.tc.hw1.simple.CalculatorDivTest@76f2bbc1]" started-at="2021-10-16T02:00:46 MSK" name="tearDown" finished-at="2021-10-16T02:00:46 MSK" duration-ms="1" status="PASS">
          <reporter-output>
          </reporter-output>
        </test-method> <!-- tearDown -->
        <test-method is-config="true" signature="setUp()[pri:0, instance:home.epam.tc.hw1.simple.CalculatorDivTest@76f2bbc1]" started-at="2021-10-16T02:00:46 MSK" name="setUp" finished-at="2021-10-16T02:00:46 MSK" duration-ms="0" status="PASS">
          <reporter-output>
          </reporter-output>
        </test-method> <!-- setUp -->
        <test-method signature="divExceptionLongTest(long,long)[pri:0, instance:home.epam.tc.hw1.simple.CalculatorDivTest@76f2bbc1]" started-at="2021-10-16T02:00:46 MSK" name="divExceptionLongTest" data-provider="divExceptionLongDataProvider" finished-at="2021-10-16T02:00:46 MSK" duration-ms="0" status="PASS">
          <params>
            <param index="0">
              <value>
                <![CDATA[6]]>
              </value>
            </param>
            <param index="1">
              <value>
                <![CDATA[0]]>
              </value>
            </param>
          </params>
          <reporter-output>
          </reporter-output>
        </test-method> <!-- divExceptionLongTest -->
        <test-method is-config="true" signature="tearDown()[pri:0, instance:home.epam.tc.hw1.simple.CalculatorDivTest@76f2bbc1]" started-at="2021-10-16T02:00:46 MSK" name="tearDown" finished-at="2021-10-16T02:00:46 MSK" duration-ms="0" status="PASS">
          <reporter-output>
          </reporter-output>
        </test-method> <!-- tearDown -->
        <test-method is-config="true" signature="setUp()[pri:0, instance:home.epam.tc.hw1.simple.CalculatorDivTest@76f2bbc1]" started-at="2021-10-16T02:00:46 MSK" name="setUp" finished-at="2021-10-16T02:00:46 MSK" duration-ms="0" status="PASS">
          <reporter-output>
          </reporter-output>
        </test-method> <!-- setUp -->
        <test-method is-config="true" signature="tearDown()[pri:0, instance:home.epam.tc.hw1.simple.CalculatorDivTest@76f2bbc1]" started-at="2021-10-16T02:00:46 MSK" name="tearDown" finished-at="2021-10-16T02:00:46 MSK" duration-ms="0" status="PASS">
          <reporter-output>
          </reporter-output>
        </test-method> <!-- tearDown -->
        <test-method signature="divExceptionLongTest(long,long)[pri:0, instance:home.epam.tc.hw1.simple.CalculatorDivTest@76f2bbc1]" started-at="2021-10-16T02:00:46 MSK" name="divExceptionLongTest" data-provider="divExceptionLongDataProvider" finished-at="2021-10-16T02:00:46 MSK" duration-ms="0" status="PASS">
          <params>
            <param index="0">
              <value>
                <![CDATA[4]]>
              </value>
            </param>
            <param index="1">
              <value>
                <![CDATA[0]]>
              </value>
            </param>
          </params>
          <reporter-output>
          </reporter-output>
        </test-method> <!-- divExceptionLongTest -->
        <test-method is-config="true" signature="setUp()[pri:0, instance:home.epam.tc.hw1.simple.CalculatorDivTest@76f2bbc1]" started-at="2021-10-16T02:00:46 MSK" name="setUp" finished-at="2021-10-16T02:00:46 MSK" duration-ms="0" status="PASS">
          <reporter-output>
          </reporter-output>
        </test-method> <!-- setUp -->
        <test-method signature="divLongTest(long,long,long)[pri:0, instance:home.epam.tc.hw1.simple.CalculatorDivTest@76f2bbc1]" started-at="2021-10-16T02:00:46 MSK" name="divLongTest" data-provider="divLongDataProvider" finished-at="2021-10-16T02:00:46 MSK" duration-ms="0" status="PASS">
          <params>
            <param index="0">
              <value>
                <![CDATA[2]]>
              </value>
            </param>
            <param index="1">
              <value>
                <![CDATA[2]]>
              </value>
            </param>
            <param index="2">
              <value>
                <![CDATA[1]]>
              </value>
            </param>
          </params>
          <reporter-output>
          </reporter-output>
        </test-method> <!-- divLongTest -->
        <test-method is-config="true" signature="tearDown()[pri:0, instance:home.epam.tc.hw1.simple.CalculatorDivTest@76f2bbc1]" started-at="2021-10-16T02:00:46 MSK" name="tearDown" finished-at="2021-10-16T02:00:46 MSK" duration-ms="0" status="PASS">
          <reporter-output>
          </reporter-output>
        </test-method> <!-- tearDown -->
        <test-method signature="divLongTest(long,long,long)[pri:0, instance:home.epam.tc.hw1.simple.CalculatorDivTest@76f2bbc1]" started-at="2021-10-16T02:00:46 MSK" name="divLongTest" data-provider="divLongDataProvider" finished-at="2021-10-16T02:00:46 MSK" duration-ms="0" status="PASS">
          <params>
            <param index="0">
              <value>
                <![CDATA[6]]>
              </value>
            </param>
            <param index="1">
              <value>
                <![CDATA[3]]>
              </value>
            </param>
            <param index="2">
              <value>
                <![CDATA[2]]>
              </value>
            </param>
          </params>
          <reporter-output>
          </reporter-output>
        </test-method> <!-- divLongTest -->
        <test-method is-config="true" signature="setUp()[pri:0, instance:home.epam.tc.hw1.simple.CalculatorDivTest@76f2bbc1]" started-at="2021-10-16T02:00:46 MSK" name="setUp" finished-at="2021-10-16T02:00:46 MSK" duration-ms="0" status="PASS">
          <reporter-output>
          </reporter-output>
        </test-method> <!-- setUp -->
        <test-method is-config="true" signature="tearDown()[pri:0, instance:home.epam.tc.hw1.simple.CalculatorDivTest@76f2bbc1]" started-at="2021-10-16T02:00:46 MSK" name="tearDown" finished-at="2021-10-16T02:00:46 MSK" duration-ms="0" status="PASS">
          <reporter-output>
          </reporter-output>
        </test-method> <!-- tearDown -->
        <test-method is-config="true" signature="setUp()[pri:0, instance:home.epam.tc.hw1.simple.CalculatorDivTest@76f2bbc1]" started-at="2021-10-16T02:00:46 MSK" name="setUp" finished-at="2021-10-16T02:00:46 MSK" duration-ms="1" status="PASS">
          <reporter-output>
          </reporter-output>
        </test-method> <!-- setUp -->
        <test-method signature="divLongTest(long,long,long)[pri:0, instance:home.epam.tc.hw1.simple.CalculatorDivTest@76f2bbc1]" started-at="2021-10-16T02:00:46 MSK" name="divLongTest" data-provider="divLongDataProvider" finished-at="2021-10-16T02:00:46 MSK" duration-ms="0" status="PASS">
          <params>
            <param index="0">
              <value>
                <![CDATA[6]]>
              </value>
            </param>
            <param index="1">
              <value>
                <![CDATA[2]]>
              </value>
            </param>
            <param index="2">
              <value>
                <![CDATA[3]]>
              </value>
            </param>
          </params>
          <reporter-output>
          </reporter-output>
        </test-method> <!-- divLongTest -->
        <test-method is-config="true" signature="tearDown()[pri:0, instance:home.epam.tc.hw1.simple.CalculatorDivTest@76f2bbc1]" started-at="2021-10-16T02:00:46 MSK" name="tearDown" finished-at="2021-10-16T02:00:46 MSK" duration-ms="0" status="PASS">
          <reporter-output>
          </reporter-output>
        </test-method> <!-- tearDown -->
      </class> <!-- home.epam.tc.hw1.simple.CalculatorDivTest -->
      <class name="home.epam.tc.hw1.simple.CalculatorMultTest">
        <test-method is-config="true" signature="setUp()[pri:0, instance:home.epam.tc.hw1.simple.CalculatorMultTest@59af0466]" started-at="2021-10-16T02:00:46 MSK" name="setUp" finished-at="2021-10-16T02:00:46 MSK" duration-ms="1" status="PASS">
          <reporter-output>
          </reporter-output>
        </test-method> <!-- setUp -->
        <test-method is-config="true" signature="setUp()[pri:0, instance:home.epam.tc.hw1.simple.CalculatorMultTest@59af0466]" started-at="2021-10-16T02:00:46 MSK" name="setUp" finished-at="2021-10-16T02:00:46 MSK" duration-ms="1" status="PASS">
          <reporter-output>
          </reporter-output>
        </test-method> <!-- setUp -->
        <test-method is-config="true" signature="tearDown()[pri:0, instance:home.epam.tc.hw1.simple.CalculatorMultTest@59af0466]" started-at="2021-10-16T02:00:46 MSK" name="tearDown" finished-at="2021-10-16T02:00:46 MSK" duration-ms="0" status="PASS">
          <reporter-output>
          </reporter-output>
        </test-method> <!-- tearDown -->
        <test-method signature="multDoubleTest(double,double,double)[pri:0, instance:home.epam.tc.hw1.simple.CalculatorMultTest@59af0466]" started-at="2021-10-16T02:00:46 MSK" name="multDoubleTest" data-provider="multDoubleDataProvider" finished-at="2021-10-16T02:00:46 MSK" duration-ms="0" status="PASS">
          <params>
            <param index="0">
              <value>
                <![CDATA[1.0]]>
              </value>
            </param>
            <param index="1">
              <value>
                <![CDATA[1.2]]>
              </value>
            </param>
            <param index="2">
              <value>
                <![CDATA[1.0]]>
              </value>
            </param>
          </params>
          <reporter-output>
          </reporter-output>
        </test-method> <!-- multDoubleTest -->
        <test-method is-config="true" signature="tearDown()[pri:0, instance:home.epam.tc.hw1.simple.CalculatorMultTest@59af0466]" started-at="2021-10-16T02:00:46 MSK" name="tearDown" finished-at="2021-10-16T02:00:46 MSK" duration-ms="0" status="PASS">
          <reporter-output>
          </reporter-output>
        </test-method> <!-- tearDown -->
        <test-method is-config="true" signature="setUp()[pri:0, instance:home.epam.tc.hw1.simple.CalculatorMultTest@59af0466]" started-at="2021-10-16T02:00:46 MSK" name="setUp" finished-at="2021-10-16T02:00:46 MSK" duration-ms="0" status="PASS">
          <reporter-output>
          </reporter-output>
        </test-method> <!-- setUp -->
        <test-method signature="multDoubleTest(double,double,double)[pri:0, instance:home.epam.tc.hw1.simple.CalculatorMultTest@59af0466]" started-at="2021-10-16T02:00:46 MSK" name="multDoubleTest" data-provider="multDoubleDataProvider" finished-at="2021-10-16T02:00:46 MSK" duration-ms="1" status="PASS">
          <params>
            <param index="0">
              <value>
                <![CDATA[0.4]]>
              </value>
            </param>
            <param index="1">
              <value>
                <![CDATA[0.2]]>
              </value>
            </param>
            <param index="2">
              <value>
                <![CDATA[0]]>
              </value>
            </param>
          </params>
          <reporter-output>
          </reporter-output>
        </test-method> <!-- multDoubleTest -->
        <test-method signature="multDoubleTest(double,double,double)[pri:0, instance:home.epam.tc.hw1.simple.CalculatorMultTest@59af0466]" started-at="2021-10-16T02:00:46 MSK" name="multDoubleTest" data-provider="multDoubleDataProvider" finished-at="2021-10-16T02:00:46 MSK" duration-ms="0" status="PASS">
          <params>
            <param index="0">
              <value>
                <![CDATA[5.3]]>
              </value>
            </param>
            <param index="1">
              <value>
                <![CDATA[5.4]]>
              </value>
            </param>
            <param index="2">
              <value>
                <![CDATA[28.0]]>
              </value>
            </param>
          </params>
          <reporter-output>
          </reporter-output>
        </test-method> <!-- multDoubleTest -->
        <test-method is-config="true" signature="setUp()[pri:0, instance:home.epam.tc.hw1.simple.CalculatorMultTest@59af0466]" started-at="2021-10-16T02:00:46 MSK" name="setUp" finished-at="2021-10-16T02:00:46 MSK" duration-ms="1" status="PASS">
          <reporter-output>
          </reporter-output>
        </test-method> <!-- setUp -->
        <test-method is-config="true" signature="tearDown()[pri:0, instance:home.epam.tc.hw1.simple.CalculatorMultTest@59af0466]" started-at="2021-10-16T02:00:46 MSK" name="tearDown" finished-at="2021-10-16T02:00:46 MSK" duration-ms="0" status="PASS">
          <reporter-output>
          </reporter-output>
        </test-method> <!-- tearDown -->
        <test-method signature="multLongTest(long,long,long)[pri:0, instance:home.epam.tc.hw1.simple.CalculatorMultTest@59af0466]" started-at="2021-10-16T02:00:46 MSK" name="multLongTest" data-provider="multLongDataProvider" finished-at="2021-10-16T02:00:46 MSK" duration-ms="0" status="PASS">
          <params>
            <param index="0">
              <value>
                <![CDATA[2]]>
              </value>
            </param>
            <param index="1">
              <value>
                <![CDATA[2]]>
              </value>
            </param>
            <param index="2">
              <value>
                <![CDATA[4]]>
              </value>
            </param>
          </params>
          <reporter-output>
          </reporter-output>
        </test-method> <!-- multLongTest -->
        <test-method is-config="true" signature="tearDown()[pri:0, instance:home.epam.tc.hw1.simple.CalculatorMultTest@59af0466]" started-at="2021-10-16T02:00:46 MSK" name="tearDown" finished-at="2021-10-16T02:00:46 MSK" duration-ms="0" status="PASS">
          <reporter-output>
          </reporter-output>
        </test-method> <!-- tearDown -->
        <test-method signature="multLongTest(long,long,long)[pri:0, instance:home.epam.tc.hw1.simple.CalculatorMultTest@59af0466]" started-at="2021-10-16T02:00:46 MSK" name="multLongTest" data-provider="multLongDataProvider" finished-at="2021-10-16T02:00:46 MSK" duration-ms="0" status="PASS">
          <params>
            <param index="0">
              <value>
                <![CDATA[3]]>
              </value>
            </param>
            <param index="1">
              <value>
                <![CDATA[3]]>
              </value>
            </param>
            <param index="2">
              <value>
                <![CDATA[9]]>
              </value>
            </param>
          </params>
          <reporter-output>
          </reporter-output>
        </test-method> <!-- multLongTest -->
        <test-method is-config="true" signature="tearDown()[pri:0, instance:home.epam.tc.hw1.simple.CalculatorMultTest@59af0466]" started-at="2021-10-16T02:00:46 MSK" name="tearDown" finished-at="2021-10-16T02:00:46 MSK" duration-ms="1" status="PASS">
          <reporter-output>
          </reporter-output>
        </test-method> <!-- tearDown -->
        <test-method is-config="true" signature="setUp()[pri:0, instance:home.epam.tc.hw1.simple.CalculatorMultTest@59af0466]" started-at="2021-10-16T02:00:46 MSK" name="setUp" finished-at="2021-10-16T02:00:46 MSK" duration-ms="0" status="PASS">
          <reporter-output>
          </reporter-output>
        </test-method> <!-- setUp -->
        <test-method is-config="true" signature="setUp()[pri:0, instance:home.epam.tc.hw1.simple.CalculatorMultTest@59af0466]" started-at="2021-10-16T02:00:46 MSK" name="setUp" finished-at="2021-10-16T02:00:46 MSK" duration-ms="0" status="PASS">
          <reporter-output>
          </reporter-output>
        </test-method> <!-- setUp -->
        <test-method is-config="true" signature="tearDown()[pri:0, instance:home.epam.tc.hw1.simple.CalculatorMultTest@59af0466]" started-at="2021-10-16T02:00:46 MSK" name="tearDown" finished-at="2021-10-16T02:00:46 MSK" duration-ms="1" status="PASS">
          <reporter-output>
          </reporter-output>
        </test-method> <!-- tearDown -->
        <test-method signature="multLongTest(long,long,long)[pri:0, instance:home.epam.tc.hw1.simple.CalculatorMultTest@59af0466]" started-at="2021-10-16T02:00:46 MSK" name="multLongTest" data-provider="multLongDataProvider" finished-at="2021-10-16T02:00:46 MSK" duration-ms="0" status="PASS">
          <params>
            <param index="0">
              <value>
                <![CDATA[6]]>
              </value>
            </param>
            <param index="1">
              <value>
                <![CDATA[6]]>
              </value>
            </param>
            <param index="2">
              <value>
                <![CDATA[36]]>
              </value>
            </param>
          </params>
          <reporter-output>
          </reporter-output>
        </test-method> <!-- multLongTest -->
      </class> <!-- home.epam.tc.hw1.simple.CalculatorMultTest -->
      <class name="home.epam.tc.hw1.complex.CalculatorSqrtTest">
        <test-method signature="sqrtDoubleTest(double,double)[pri:0, instance:home.epam.tc.hw1.complex.CalculatorSqrtTest@62230c58]" started-at="2021-10-16T02:00:46 MSK" name="sqrtDoubleTest" data-provider="sqrtDoubleDataProvider" finished-at="2021-10-16T02:00:46 MSK" duration-ms="1" status="PASS">
          <params>
            <param index="0">
              <value>
                <![CDATA[36]]>
              </value>
            </param>
            <param index="1">
              <value>
                <![CDATA[6.0]]>
              </value>
            </param>
          </params>
          <reporter-output>
          </reporter-output>
        </test-method> <!-- sqrtDoubleTest -->
        <test-method is-config="true" signature="setUp()[pri:0, instance:home.epam.tc.hw1.complex.CalculatorSqrtTest@62230c58]" started-at="2021-10-16T02:00:46 MSK" name="setUp" finished-at="2021-10-16T02:00:46 MSK" duration-ms="0" status="PASS">
          <reporter-output>
          </reporter-output>
        </test-method> <!-- setUp -->
        <test-method is-config="true" signature="tearDown()[pri:0, instance:home.epam.tc.hw1.complex.CalculatorSqrtTest@62230c58]" started-at="2021-10-16T02:00:46 MSK" name="tearDown" finished-at="2021-10-16T02:00:46 MSK" duration-ms="0" status="PASS">
          <reporter-output>
          </reporter-output>
        </test-method> <!-- tearDown -->
        <test-method is-config="true" signature="setUp()[pri:0, instance:home.epam.tc.hw1.complex.CalculatorSqrtTest@62230c58]" started-at="2021-10-16T02:00:46 MSK" name="setUp" finished-at="2021-10-16T02:00:46 MSK" duration-ms="0" status="PASS">
          <reporter-output>
          </reporter-output>
        </test-method> <!-- setUp -->
        <test-method signature="sqrtDoubleTest(double,double)[pri:0, instance:home.epam.tc.hw1.complex.CalculatorSqrtTest@62230c58]" started-at="2021-10-16T02:00:46 MSK" name="sqrtDoubleTest" data-provider="sqrtDoubleDataProvider" finished-at="2021-10-16T02:00:46 MSK" duration-ms="1" status="PASS">
          <params>
            <param index="0">
              <value>
                <![CDATA[22.2]]>
              </value>
            </param>
            <param index="1">
              <value>
                <![CDATA[4.711687595755898]]>
              </value>
            </param>
          </params>
          <reporter-output>
          </reporter-output>
        </test-method> <!-- sqrtDoubleTest -->
        <test-method is-config="true" signature="tearDown()[pri:0, instance:home.epam.tc.hw1.complex.CalculatorSqrtTest@62230c58]" started-at="2021-10-16T02:00:46 MSK" name="tearDown" finished-at="2021-10-16T02:00:46 MSK" duration-ms="0" status="PASS">
          <reporter-output>
          </reporter-output>
        </test-method> <!-- tearDown -->
        <test-method is-config="true" signature="setUp()[pri:0, instance:home.epam.tc.hw1.complex.CalculatorSqrtTest@62230c58]" started-at="2021-10-16T02:00:46 MSK" name="setUp" finished-at="2021-10-16T02:00:46 MSK" duration-ms="0" status="PASS">
          <reporter-output>
          </reporter-output>
        </test-method> <!-- setUp -->
        <test-method signature="sqrtDoubleTest(double,double)[pri:0, instance:home.epam.tc.hw1.complex.CalculatorSqrtTest@62230c58]" started-at="2021-10-16T02:00:46 MSK" name="sqrtDoubleTest" data-provider="sqrtDoubleDataProvider" finished-at="2021-10-16T02:00:46 MSK" duration-ms="0" status="PASS">
          <params>
            <param index="0">
              <value>
                <![CDATA[46.1]]>
              </value>
            </param>
            <param index="1">
              <value>
                <![CDATA[6.789698078707183]]>
              </value>
            </param>
          </params>
          <reporter-output>
          </reporter-output>
        </test-method> <!-- sqrtDoubleTest -->
        <test-method is-config="true" signature="tearDown()[pri:0, instance:home.epam.tc.hw1.complex.CalculatorSqrtTest@62230c58]" started-at="2021-10-16T02:00:46 MSK" name="tearDown" finished-at="2021-10-16T02:00:46 MSK" duration-ms="0" status="PASS">
          <reporter-output>
          </reporter-output>
        </test-method> <!-- tearDown -->
      </class> <!-- home.epam.tc.hw1.complex.CalculatorSqrtTest -->
      <class name="home.epam.tc.hw1.simple.CalculatorSumTest">
        <test-method is-config="true" signature="setUp()[pri:0, instance:home.epam.tc.hw1.simple.CalculatorSumTest@747edf66]" started-at="2021-10-16T02:00:46 MSK" name="setUp" finished-at="2021-10-16T02:00:46 MSK" duration-ms="0" status="PASS">
          <reporter-output>
          </reporter-output>
        </test-method> <!-- setUp -->
        <test-method signature="sumDoubleTest(double,double,double)[pri:0, instance:home.epam.tc.hw1.simple.CalculatorSumTest@747edf66]" started-at="2021-10-16T02:00:46 MSK" name="sumDoubleTest" data-provider="sumDoubleDataProvider" finished-at="2021-10-16T02:00:46 MSK" duration-ms="1" status="PASS">
          <params>
            <param index="0">
              <value>
                <![CDATA[1.0]]>
              </value>
            </param>
            <param index="1">
              <value>
                <![CDATA[1.2]]>
              </value>
            </param>
            <param index="2">
              <value>
                <![CDATA[2.2]]>
              </value>
            </param>
          </params>
          <reporter-output>
          </reporter-output>
        </test-method> <!-- sumDoubleTest -->
        <test-method is-config="true" signature="tearDown()[pri:0, instance:home.epam.tc.hw1.simple.CalculatorSumTest@747edf66]" started-at="2021-10-16T02:00:46 MSK" name="tearDown" finished-at="2021-10-16T02:00:46 MSK" duration-ms="0" status="PASS">
          <reporter-output>
          </reporter-output>
        </test-method> <!-- tearDown -->
        <test-method signature="sumDoubleTest(double,double,double)[pri:0, instance:home.epam.tc.hw1.simple.CalculatorSumTest@747edf66]" started-at="2021-10-16T02:00:46 MSK" name="sumDoubleTest" data-provider="sumDoubleDataProvider" finished-at="2021-10-16T02:00:46 MSK" duration-ms="1" status="PASS">
          <params>
            <param index="0">
              <value>
                <![CDATA[5.3]]>
              </value>
            </param>
            <param index="1">
              <value>
                <![CDATA[5.4]]>
              </value>
            </param>
            <param index="2">
              <value>
                <![CDATA[10.7]]>
              </value>
            </param>
          </params>
          <reporter-output>
          </reporter-output>
        </test-method> <!-- sumDoubleTest -->
        <test-method is-config="true" signature="setUp()[pri:0, instance:home.epam.tc.hw1.simple.CalculatorSumTest@747edf66]" started-at="2021-10-16T02:00:46 MSK" name="setUp" finished-at="2021-10-16T02:00:46 MSK" duration-ms="0" status="PASS">
          <reporter-output>
          </reporter-output>
        </test-method> <!-- setUp -->
        <test-method signature="sumDoubleTest(double,double,double)[pri:0, instance:home.epam.tc.hw1.simple.CalculatorSumTest@747edf66]" started-at="2021-10-16T02:00:46 MSK" name="sumDoubleTest" data-provider="sumDoubleDataProvider" finished-at="2021-10-16T02:00:46 MSK" duration-ms="2" status="PASS">
          <params>
            <param index="0">
              <value>
                <![CDATA[12.64]]>
              </value>
            </param>
            <param index="1">
              <value>
                <![CDATA[22.3]]>
              </value>
            </param>
            <param index="2">
              <value>
                <![CDATA[34.94]]>
              </value>
            </param>
          </params>
          <reporter-output>
          </reporter-output>
        </test-method> <!-- sumDoubleTest -->
        <test-method is-config="true" signature="setUp()[pri:0, instance:home.epam.tc.hw1.simple.CalculatorSumTest@747edf66]" started-at="2021-10-16T02:00:46 MSK" name="setUp" finished-at="2021-10-16T02:00:46 MSK" duration-ms="0" status="PASS">
          <reporter-output>
          </reporter-output>
        </test-method> <!-- setUp -->
        <test-method is-config="true" signature="tearDown()[pri:0, instance:home.epam.tc.hw1.simple.CalculatorSumTest@747edf66]" started-at="2021-10-16T02:00:46 MSK" name="tearDown" finished-at="2021-10-16T02:00:46 MSK" duration-ms="0" status="PASS">
          <reporter-output>
          </reporter-output>
        </test-method> <!-- tearDown -->
        <test-method is-config="true" signature="setUp()[pri:0, instance:home.epam.tc.hw1.simple.CalculatorSumTest@747edf66]" started-at="2021-10-16T02:00:46 MSK" name="setUp" finished-at="2021-10-16T02:00:46 MSK" duration-ms="0" status="PASS">
          <reporter-output>
          </reporter-output>
        </test-method> <!-- setUp -->
        <test-method signature="sumLongTest(long,long,long)[pri:0, instance:home.epam.tc.hw1.simple.CalculatorSumTest@747edf66]" started-at="2021-10-16T02:00:46 MSK" name="sumLongTest" data-provider="sumLongDataProvider" finished-at="2021-10-16T02:00:46 MSK" duration-ms="0" status="PASS">
          <params>
            <param index="0">
              <value>
                <![CDATA[1]]>
              </value>
            </param>
            <param index="1">
              <value>
                <![CDATA[2]]>
              </value>
            </param>
            <param index="2">
              <value>
                <![CDATA[3]]>
              </value>
            </param>
          </params>
          <reporter-output>
          </reporter-output>
        </test-method> <!-- sumLongTest -->
        <test-method is-config="true" signature="tearDown()[pri:0, instance:home.epam.tc.hw1.simple.CalculatorSumTest@747edf66]" started-at="2021-10-16T02:00:46 MSK" name="tearDown" finished-at="2021-10-16T02:00:46 MSK" duration-ms="0" status="PASS">
          <reporter-output>
          </reporter-output>
        </test-method> <!-- tearDown -->
        <test-method signature="sumLongTest(long,long,long)[pri:0, instance:home.epam.tc.hw1.simple.CalculatorSumTest@747edf66]" started-at="2021-10-16T02:00:46 MSK" name="sumLongTest" data-provider="sumLongDataProvider" finished-at="2021-10-16T02:00:46 MSK" duration-ms="0" status="PASS">
          <params>
            <param index="0">
              <value>
                <![CDATA[25]]>
              </value>
            </param>
            <param index="1">
              <value>
                <![CDATA[25]]>
              </value>
            </param>
            <param index="2">
              <value>
                <![CDATA[50]]>
              </value>
            </param>
          </params>
          <reporter-output>
          </reporter-output>
        </test-method> <!-- sumLongTest -->
        <test-method is-config="true" signature="setUp()[pri:0, instance:home.epam.tc.hw1.simple.CalculatorSumTest@747edf66]" started-at="2021-10-16T02:00:46 MSK" name="setUp" finished-at="2021-10-16T02:00:46 MSK" duration-ms="0" status="PASS">
          <reporter-output>
          </reporter-output>
        </test-method> <!-- setUp -->
        <test-method is-config="true" signature="tearDown()[pri:0, instance:home.epam.tc.hw1.simple.CalculatorSumTest@747edf66]" started-at="2021-10-16T02:00:46 MSK" name="tearDown" finished-at="2021-10-16T02:00:46 MSK" duration-ms="0" status="PASS">
          <reporter-output>
          </reporter-output>
        </test-method> <!-- tearDown -->
        <test-method is-config="true" signature="tearDown()[pri:0, instance:home.epam.tc.hw1.simple.CalculatorSumTest@747edf66]" started-at="2021-10-16T02:00:46 MSK" name="tearDown" finished-at="2021-10-16T02:00:46 MSK" duration-ms="0" status="PASS">
          <reporter-output>
          </reporter-output>
        </test-method> <!-- tearDown -->
        <test-method signature="sumLongTest(long,long,long)[pri:0, instance:home.epam.tc.hw1.simple.CalculatorSumTest@747edf66]" started-at="2021-10-16T02:00:46 MSK" name="sumLongTest" data-provider="sumLongDataProvider" finished-at="2021-10-16T02:00:46 MSK" duration-ms="0" status="PASS">
          <params>
            <param index="0">
              <value>
                <![CDATA[300]]>
              </value>
            </param>
            <param index="1">
              <value>
                <![CDATA[300]]>
              </value>
            </param>
            <param index="2">
              <value>
                <![CDATA[600]]>
              </value>
            </param>
          </params>
          <reporter-output>
          </reporter-output>
        </test-method> <!-- sumLongTest -->
        <test-method is-config="true" signature="setUp()[pri:0, instance:home.epam.tc.hw1.simple.CalculatorSumTest@747edf66]" started-at="2021-10-16T02:00:46 MSK" name="setUp" finished-at="2021-10-16T02:00:46 MSK" duration-ms="0" status="PASS">
          <reporter-output>
          </reporter-output>
        </test-method> <!-- setUp -->
        <test-method is-config="true" signature="tearDown()[pri:0, instance:home.epam.tc.hw1.simple.CalculatorSumTest@747edf66]" started-at="2021-10-16T02:00:46 MSK" name="tearDown" finished-at="2021-10-16T02:00:46 MSK" duration-ms="0" status="PASS">
          <reporter-output>
          </reporter-output>
        </test-method> <!-- tearDown -->
      </class> <!-- home.epam.tc.hw1.simple.CalculatorSumTest -->
    </test> <!-- All Calculator Test -->
  </suite> <!-- All Calculator Test Suite -->
</testng-results>
